CRITICAL - 2024-02-20 03:53:01 --> Unclosed '{' on line 8
in APPPATH\Controllers\playground.php on line 19.
 1 SYSTEMPATH\Router\Router.php(512): CodeIgniter\Router\AutoRouter->getRoute('playground', 'get')
 2 SYSTEMPATH\Router\Router.php(208): CodeIgniter\Router\Router->autoRoute('playground')
 3 SYSTEMPATH\CodeIgniter.php(800): CodeIgniter\Router\Router->handle('playground')
 4 SYSTEMPATH\CodeIgniter.php(442): CodeIgniter\CodeIgniter->tryToRouteIt(Object(CodeIgniter\Router\RouteCollection))
 5 SYSTEMPATH\CodeIgniter.php(353): CodeIgniter\CodeIgniter->handleRequest(null, Object(Config\Cache), false)
 6 FCPATH\index.php(79): CodeIgniter\CodeIgniter->run()
 7 SYSTEMPATH\Commands\Server\rewrite.php(47): require_once('C:\\Users\\PC-7\\Desktop\\playground1\\public\\index.php')
CRITICAL - 2024-02-20 03:53:16 --> Undefined variable $data
in APPPATH\Controllers\playground.php on line 17.
 1 APPPATH\Controllers\playground.php(17): CodeIgniter\Debug\Exceptions->errorHandler(2, 'Undefined variable $data', 'C:\\Users\\PC-7\\Desktop\\playground1\\app\\Controllers\\playground.php', 17)
 2 SYSTEMPATH\CodeIgniter.php(919): App\Controllers\playground->index()
 3 SYSTEMPATH\CodeIgniter.php(494): CodeIgniter\CodeIgniter->runController(Object(App\Controllers\playground))
 4 SYSTEMPATH\CodeIgniter.php(353): CodeIgniter\CodeIgniter->handleRequest(null, Object(Config\Cache), false)
 5 FCPATH\index.php(79): CodeIgniter\CodeIgniter->run()
 6 SYSTEMPATH\Commands\Server\rewrite.php(47): require_once('C:\\Users\\PC-7\\Desktop\\playground1\\public\\index.php')
CRITICAL - 2024-02-20 03:56:57 --> Undefined variable $vuser
in APPPATH\Views\playground\biling.php on line 30.
 1 APPPATH\Views\playground\biling.php(30): CodeIgniter\Debug\Exceptions->errorHandler(2, 'Undefined variable $vuser', 'C:\\Users\\PC-7\\Desktop\\playground1\\app\\Views\\playground\\biling.php', 30)
 2 SYSTEMPATH\View\View.php(226): include('C:\\Users\\PC-7\\Desktop\\playground1\\app\\Views\\playground\\biling.php')
 3 SYSTEMPATH\View\View.php(229): CodeIgniter\View\View->CodeIgniter\View\{closure}()
 4 SYSTEMPATH\Common.php(1188): CodeIgniter\View\View->render('/playground/biling', [], true)
 5 APPPATH\Controllers\playground.php(17): view('/playground/biling')
 6 SYSTEMPATH\CodeIgniter.php(919): App\Controllers\playground->index()
 7 SYSTEMPATH\CodeIgniter.php(494): CodeIgniter\CodeIgniter->runController(Object(App\Controllers\playground))
 8 SYSTEMPATH\CodeIgniter.php(353): CodeIgniter\CodeIgniter->handleRequest(null, Object(Config\Cache), false)
 9 FCPATH\index.php(79): CodeIgniter\CodeIgniter->run()
10 SYSTEMPATH\Commands\Server\rewrite.php(47): require_once('C:\\Users\\PC-7\\Desktop\\playground1\\public\\index.php')
CRITICAL - 2024-02-20 04:27:22 --> Undefined property: stdClass::$nama_pelanggan
in APPPATH\Views\user\view.php on line 44.
 1 APPPATH\Views\user\view.php(44): CodeIgniter\Debug\Exceptions->errorHandler(2, 'Undefined property: stdClass::$nama_pelanggan', 'C:\\Users\\PC-7\\Desktop\\playground1\\app\\Views\\user\\view.php', 44)
 2 SYSTEMPATH\View\View.php(226): include('C:\\Users\\PC-7\\Desktop\\playground1\\app\\Views\\user\\view.php')
 3 SYSTEMPATH\View\View.php(229): CodeIgniter\View\View->CodeIgniter\View\{closure}()
 4 SYSTEMPATH\Common.php(1188): CodeIgniter\View\View->render('/user/view', [], true)
 5 APPPATH\Controllers\user.php(17): view('/user/view', [...])
 6 SYSTEMPATH\CodeIgniter.php(919): App\Controllers\user->index()
 7 SYSTEMPATH\CodeIgniter.php(494): CodeIgniter\CodeIgniter->runController(Object(App\Controllers\user))
 8 SYSTEMPATH\CodeIgniter.php(353): CodeIgniter\CodeIgniter->handleRequest(null, Object(Config\Cache), false)
 9 FCPATH\index.php(79): CodeIgniter\CodeIgniter->run()
10 SYSTEMPATH\Commands\Server\rewrite.php(47): require_once('C:\\Users\\PC-7\\Desktop\\playground1\\public\\index.php')
CRITICAL - 2024-02-20 04:28:34 --> Undefined property: stdClass::$nama_pelanggan
in APPPATH\Views\user\view.php on line 44.
 1 APPPATH\Views\user\view.php(44): CodeIgniter\Debug\Exceptions->errorHandler(2, 'Undefined property: stdClass::$nama_pelanggan', 'C:\\Users\\PC-7\\Desktop\\playground1\\app\\Views\\user\\view.php', 44)
 2 SYSTEMPATH\View\View.php(226): include('C:\\Users\\PC-7\\Desktop\\playground1\\app\\Views\\user\\view.php')
 3 SYSTEMPATH\View\View.php(229): CodeIgniter\View\View->CodeIgniter\View\{closure}()
 4 SYSTEMPATH\Common.php(1188): CodeIgniter\View\View->render('/user/view', [], true)
 5 APPPATH\Controllers\user.php(17): view('/user/view', [...])
 6 SYSTEMPATH\CodeIgniter.php(919): App\Controllers\user->index()
 7 SYSTEMPATH\CodeIgniter.php(494): CodeIgniter\CodeIgniter->runController(Object(App\Controllers\user))
 8 SYSTEMPATH\CodeIgniter.php(353): CodeIgniter\CodeIgniter->handleRequest(null, Object(Config\Cache), false)
 9 FCPATH\index.php(79): CodeIgniter\CodeIgniter->run()
10 SYSTEMPATH\Commands\Server\rewrite.php(47): require_once('C:\\Users\\PC-7\\Desktop\\playground1\\public\\index.php')
CRITICAL - 2024-02-20 04:28:58 --> Undefined property: stdClass::$nama_pelanggan
in APPPATH\Views\user\view.php on line 44.
 1 APPPATH\Views\user\view.php(44): CodeIgniter\Debug\Exceptions->errorHandler(2, 'Undefined property: stdClass::$nama_pelanggan', 'C:\\Users\\PC-7\\Desktop\\playground1\\app\\Views\\user\\view.php', 44)
 2 SYSTEMPATH\View\View.php(226): include('C:\\Users\\PC-7\\Desktop\\playground1\\app\\Views\\user\\view.php')
 3 SYSTEMPATH\View\View.php(229): CodeIgniter\View\View->CodeIgniter\View\{closure}()
 4 SYSTEMPATH\Common.php(1188): CodeIgniter\View\View->render('/user/view', [], true)
 5 APPPATH\Controllers\user.php(17): view('/user/view', [...])
 6 SYSTEMPATH\CodeIgniter.php(919): App\Controllers\user->index()
 7 SYSTEMPATH\CodeIgniter.php(494): CodeIgniter\CodeIgniter->runController(Object(App\Controllers\user))
 8 SYSTEMPATH\CodeIgniter.php(353): CodeIgniter\CodeIgniter->handleRequest(null, Object(Config\Cache), false)
 9 FCPATH\index.php(79): CodeIgniter\CodeIgniter->run()
10 SYSTEMPATH\Commands\Server\rewrite.php(47): require_once('C:\\Users\\PC-7\\Desktop\\playground1\\public\\index.php')
CRITICAL - 2024-02-20 04:29:56 --> Undefined property: stdClass::$nama_pelanggan
in APPPATH\Views\user\view.php on line 44.
 1 APPPATH\Views\user\view.php(44): CodeIgniter\Debug\Exceptions->errorHandler(2, 'Undefined property: stdClass::$nama_pelanggan', 'C:\\Users\\PC-7\\Desktop\\playground1\\app\\Views\\user\\view.php', 44)
 2 SYSTEMPATH\View\View.php(226): include('C:\\Users\\PC-7\\Desktop\\playground1\\app\\Views\\user\\view.php')
 3 SYSTEMPATH\View\View.php(229): CodeIgniter\View\View->CodeIgniter\View\{closure}()
 4 SYSTEMPATH\Common.php(1188): CodeIgniter\View\View->render('/user/view', [], true)
 5 APPPATH\Controllers\user.php(17): view('/user/view', [...])
 6 SYSTEMPATH\CodeIgniter.php(919): App\Controllers\user->index()
 7 SYSTEMPATH\CodeIgniter.php(494): CodeIgniter\CodeIgniter->runController(Object(App\Controllers\user))
 8 SYSTEMPATH\CodeIgniter.php(353): CodeIgniter\CodeIgniter->handleRequest(null, Object(Config\Cache), false)
 9 FCPATH\index.php(79): CodeIgniter\CodeIgniter->run()
10 SYSTEMPATH\Commands\Server\rewrite.php(47): require_once('C:\\Users\\PC-7\\Desktop\\playground1\\public\\index.php')
CRITICAL - 2024-02-20 04:29:56 --> Undefined property: stdClass::$nama_pelanggan
in APPPATH\Views\user\view.php on line 44.
 1 APPPATH\Views\user\view.php(44): CodeIgniter\Debug\Exceptions->errorHandler(2, 'Undefined property: stdClass::$nama_pelanggan', 'C:\\Users\\PC-7\\Desktop\\playground1\\app\\Views\\user\\view.php', 44)
 2 SYSTEMPATH\View\View.php(226): include('C:\\Users\\PC-7\\Desktop\\playground1\\app\\Views\\user\\view.php')
 3 SYSTEMPATH\View\View.php(229): CodeIgniter\View\View->CodeIgniter\View\{closure}()
 4 SYSTEMPATH\Common.php(1188): CodeIgniter\View\View->render('/user/view', [], true)
 5 APPPATH\Controllers\user.php(17): view('/user/view', [...])
 6 SYSTEMPATH\CodeIgniter.php(919): App\Controllers\user->index()
 7 SYSTEMPATH\CodeIgniter.php(494): CodeIgniter\CodeIgniter->runController(Object(App\Controllers\user))
 8 SYSTEMPATH\CodeIgniter.php(353): CodeIgniter\CodeIgniter->handleRequest(null, Object(Config\Cache), false)
 9 FCPATH\index.php(79): CodeIgniter\CodeIgniter->run()
10 SYSTEMPATH\Commands\Server\rewrite.php(47): require_once('C:\\Users\\PC-7\\Desktop\\playground1\\public\\index.php')
CRITICAL - 2024-02-20 04:30:22 --> Undefined property: stdClass::$nama_pelanggan
in APPPATH\Views\user\view.php on line 44.
 1 APPPATH\Views\user\view.php(44): CodeIgniter\Debug\Exceptions->errorHandler(2, 'Undefined property: stdClass::$nama_pelanggan', 'C:\\Users\\PC-7\\Desktop\\playground1\\app\\Views\\user\\view.php', 44)
 2 SYSTEMPATH\View\View.php(226): include('C:\\Users\\PC-7\\Desktop\\playground1\\app\\Views\\user\\view.php')
 3 SYSTEMPATH\View\View.php(229): CodeIgniter\View\View->CodeIgniter\View\{closure}()
 4 SYSTEMPATH\Common.php(1188): CodeIgniter\View\View->render('/user/view', [], true)
 5 APPPATH\Controllers\user.php(17): view('/user/view', [...])
 6 SYSTEMPATH\CodeIgniter.php(919): App\Controllers\user->index()
 7 SYSTEMPATH\CodeIgniter.php(494): CodeIgniter\CodeIgniter->runController(Object(App\Controllers\user))
 8 SYSTEMPATH\CodeIgniter.php(353): CodeIgniter\CodeIgniter->handleRequest(null, Object(Config\Cache), false)
 9 FCPATH\index.php(79): CodeIgniter\CodeIgniter->run()
10 SYSTEMPATH\Commands\Server\rewrite.php(47): require_once('C:\\Users\\PC-7\\Desktop\\playground1\\public\\index.php')
CRITICAL - 2024-02-20 04:30:39 --> Undefined property: stdClass::$nama_pelanggan
in APPPATH\Views\user\view.php on line 44.
 1 APPPATH\Views\user\view.php(44): CodeIgniter\Debug\Exceptions->errorHandler(2, 'Undefined property: stdClass::$nama_pelanggan', 'C:\\Users\\PC-7\\Desktop\\playground1\\app\\Views\\user\\view.php', 44)
 2 SYSTEMPATH\View\View.php(226): include('C:\\Users\\PC-7\\Desktop\\playground1\\app\\Views\\user\\view.php')
 3 SYSTEMPATH\View\View.php(229): CodeIgniter\View\View->CodeIgniter\View\{closure}()
 4 SYSTEMPATH\Common.php(1188): CodeIgniter\View\View->render('/user/view', [], true)
 5 APPPATH\Controllers\user.php(17): view('/user/view', [...])
 6 SYSTEMPATH\CodeIgniter.php(919): App\Controllers\user->index()
 7 SYSTEMPATH\CodeIgniter.php(494): CodeIgniter\CodeIgniter->runController(Object(App\Controllers\user))
 8 SYSTEMPATH\CodeIgniter.php(353): CodeIgniter\CodeIgniter->handleRequest(null, Object(Config\Cache), false)
 9 FCPATH\index.php(79): CodeIgniter\CodeIgniter->run()
10 SYSTEMPATH\Commands\Server\rewrite.php(47): require_once('C:\\Users\\PC-7\\Desktop\\playground1\\public\\index.php')
CRITICAL - 2024-02-20 04:30:43 --> Undefined property: stdClass::$nama_pelanggan
in APPPATH\Views\user\view.php on line 44.
 1 APPPATH\Views\user\view.php(44): CodeIgniter\Debug\Exceptions->errorHandler(2, 'Undefined property: stdClass::$nama_pelanggan', 'C:\\Users\\PC-7\\Desktop\\playground1\\app\\Views\\user\\view.php', 44)
 2 SYSTEMPATH\View\View.php(226): include('C:\\Users\\PC-7\\Desktop\\playground1\\app\\Views\\user\\view.php')
 3 SYSTEMPATH\View\View.php(229): CodeIgniter\View\View->CodeIgniter\View\{closure}()
 4 SYSTEMPATH\Common.php(1188): CodeIgniter\View\View->render('/user/view', [], true)
 5 APPPATH\Controllers\user.php(17): view('/user/view', [...])
 6 SYSTEMPATH\CodeIgniter.php(919): App\Controllers\user->index()
 7 SYSTEMPATH\CodeIgniter.php(494): CodeIgniter\CodeIgniter->runController(Object(App\Controllers\user))
 8 SYSTEMPATH\CodeIgniter.php(353): CodeIgniter\CodeIgniter->handleRequest(null, Object(Config\Cache), false)
 9 FCPATH\index.php(79): CodeIgniter\CodeIgniter->run()
10 SYSTEMPATH\Commands\Server\rewrite.php(47): require_once('C:\\Users\\PC-7\\Desktop\\playground1\\public\\index.php')
CRITICAL - 2024-02-20 04:31:00 --> Undefined variable $model
in APPPATH\Controllers\pelanggan.php on line 13.
 1 APPPATH\Controllers\pelanggan.php(13): CodeIgniter\Debug\Exceptions->errorHandler(2, 'Undefined variable $model', 'C:\\Users\\PC-7\\Desktop\\playground1\\app\\Controllers\\pelanggan.php', 13)
 2 SYSTEMPATH\CodeIgniter.php(919): App\Controllers\pelanggan->index()
 3 SYSTEMPATH\CodeIgniter.php(494): CodeIgniter\CodeIgniter->runController(Object(App\Controllers\pelanggan))
 4 SYSTEMPATH\CodeIgniter.php(353): CodeIgniter\CodeIgniter->handleRequest(null, Object(Config\Cache), false)
 5 FCPATH\index.php(79): CodeIgniter\CodeIgniter->run()
 6 SYSTEMPATH\Commands\Server\rewrite.php(47): require_once('C:\\Users\\PC-7\\Desktop\\playground1\\public\\index.php')
CRITICAL - 2024-02-20 04:31:14 --> Undefined property: stdClass::$nama_pelanggan
in APPPATH\Views\user\view.php on line 44.
 1 APPPATH\Views\user\view.php(44): CodeIgniter\Debug\Exceptions->errorHandler(2, 'Undefined property: stdClass::$nama_pelanggan', 'C:\\Users\\PC-7\\Desktop\\playground1\\app\\Views\\user\\view.php', 44)
 2 SYSTEMPATH\View\View.php(226): include('C:\\Users\\PC-7\\Desktop\\playground1\\app\\Views\\user\\view.php')
 3 SYSTEMPATH\View\View.php(229): CodeIgniter\View\View->CodeIgniter\View\{closure}()
 4 SYSTEMPATH\Common.php(1188): CodeIgniter\View\View->render('/user/view', [], true)
 5 APPPATH\Controllers\user.php(17): view('/user/view', [...])
 6 SYSTEMPATH\CodeIgniter.php(919): App\Controllers\user->index()
 7 SYSTEMPATH\CodeIgniter.php(494): CodeIgniter\CodeIgniter->runController(Object(App\Controllers\user))
 8 SYSTEMPATH\CodeIgniter.php(353): CodeIgniter\CodeIgniter->handleRequest(null, Object(Config\Cache), false)
 9 FCPATH\index.php(79): CodeIgniter\CodeIgniter->run()
10 SYSTEMPATH\Commands\Server\rewrite.php(47): require_once('C:\\Users\\PC-7\\Desktop\\playground1\\public\\index.php')
CRITICAL - 2024-02-20 04:32:39 --> Invalid file: "/user/add.php"
in SYSTEMPATH\Exceptions\FrameworkException.php on line 39.
 1 SYSTEMPATH\View\View.php(214): CodeIgniter\Exceptions\FrameworkException::forInvalidFile('/user/add.php')
 2 SYSTEMPATH\Common.php(1188): CodeIgniter\View\View->render('/user/add', [], true)
 3 APPPATH\Controllers\user.php(24): view('/user/add')
 4 SYSTEMPATH\CodeIgniter.php(919): App\Controllers\user->add()
 5 SYSTEMPATH\CodeIgniter.php(494): CodeIgniter\CodeIgniter->runController(Object(App\Controllers\user))
 6 SYSTEMPATH\CodeIgniter.php(353): CodeIgniter\CodeIgniter->handleRequest(null, Object(Config\Cache), false)
 7 FCPATH\index.php(79): CodeIgniter\CodeIgniter->run()
 8 SYSTEMPATH\Commands\Server\rewrite.php(47): require_once('C:\\Users\\PC-7\\Desktop\\playground1\\public\\index.php')
CRITICAL - 2024-02-20 04:33:03 --> Invalid file: "/user/add.php"
in SYSTEMPATH\Exceptions\FrameworkException.php on line 39.
 1 SYSTEMPATH\View\View.php(214): CodeIgniter\Exceptions\FrameworkException::forInvalidFile('/user/add.php')
 2 SYSTEMPATH\Common.php(1188): CodeIgniter\View\View->render('/user/add', [], true)
 3 APPPATH\Controllers\user.php(24): view('/user/add')
 4 SYSTEMPATH\CodeIgniter.php(919): App\Controllers\user->add()
 5 SYSTEMPATH\CodeIgniter.php(494): CodeIgniter\CodeIgniter->runController(Object(App\Controllers\user))
 6 SYSTEMPATH\CodeIgniter.php(353): CodeIgniter\CodeIgniter->handleRequest(null, Object(Config\Cache), false)
 7 FCPATH\index.php(79): CodeIgniter\CodeIgniter->run()
 8 SYSTEMPATH\Commands\Server\rewrite.php(47): require_once('C:\\Users\\PC-7\\Desktop\\playground1\\public\\index.php')
CRITICAL - 2024-02-20 04:33:17 --> Invalid file: "/user/add.php"
in SYSTEMPATH\Exceptions\FrameworkException.php on line 39.
 1 SYSTEMPATH\View\View.php(214): CodeIgniter\Exceptions\FrameworkException::forInvalidFile('/user/add.php')
 2 SYSTEMPATH\Common.php(1188): CodeIgniter\View\View->render('/user/add', [], true)
 3 APPPATH\Controllers\user.php(24): view('/user/add')
 4 SYSTEMPATH\CodeIgniter.php(919): App\Controllers\user->add()
 5 SYSTEMPATH\CodeIgniter.php(494): CodeIgniter\CodeIgniter->runController(Object(App\Controllers\user))
 6 SYSTEMPATH\CodeIgniter.php(353): CodeIgniter\CodeIgniter->handleRequest(null, Object(Config\Cache), false)
 7 FCPATH\index.php(79): CodeIgniter\CodeIgniter->run()
 8 SYSTEMPATH\Commands\Server\rewrite.php(47): require_once('C:\\Users\\PC-7\\Desktop\\playground1\\public\\index.php')
CRITICAL - 2024-02-20 04:38:48 --> Undefined property: stdClass::$id_user
in APPPATH\Views\pelanggan\view.php on line 56.
 1 APPPATH\Views\pelanggan\view.php(56): CodeIgniter\Debug\Exceptions->errorHandler(2, 'Undefined property: stdClass::$id_user', 'C:\\Users\\PC-7\\Desktop\\playground1\\app\\Views\\pelanggan\\view.php', 56)
 2 SYSTEMPATH\View\View.php(226): include('C:\\Users\\PC-7\\Desktop\\playground1\\app\\Views\\pelanggan\\view.php')
 3 SYSTEMPATH\View\View.php(229): CodeIgniter\View\View->CodeIgniter\View\{closure}()
 4 SYSTEMPATH\Common.php(1188): CodeIgniter\View\View->render('/pelanggan/view', [], true)
 5 APPPATH\Controllers\pelanggan.php(16): view('/pelanggan/view', [...])
 6 SYSTEMPATH\CodeIgniter.php(919): App\Controllers\pelanggan->index()
 7 SYSTEMPATH\CodeIgniter.php(494): CodeIgniter\CodeIgniter->runController(Object(App\Controllers\pelanggan))
 8 SYSTEMPATH\CodeIgniter.php(353): CodeIgniter\CodeIgniter->handleRequest(null, Object(Config\Cache), false)
 9 FCPATH\index.php(79): CodeIgniter\CodeIgniter->run()
10 SYSTEMPATH\Commands\Server\rewrite.php(47): require_once('C:\\Users\\PC-7\\Desktop\\playground1\\public\\index.php')
ERROR - 2024-02-20 04:44:55 --> mysqli_sql_exception: Table 'playground.playground' doesn't exist in C:\Users\PC-7\Desktop\playground1\system\Database\MySQLi\Connection.php:306
Stack trace:
#0 C:\Users\PC-7\Desktop\playground1\system\Database\MySQLi\Connection.php(306): mysqli->query('SELECT *\nFROM `...', 0)
#1 C:\Users\PC-7\Desktop\playground1\system\Database\BaseConnection.php(692): CodeIgniter\Database\MySQLi\Connection->execute('SELECT *\nFROM `...')
#2 C:\Users\PC-7\Desktop\playground1\system\Database\BaseConnection.php(606): CodeIgniter\Database\BaseConnection->simpleQuery('SELECT *\nFROM `...')
#3 C:\Users\PC-7\Desktop\playground1\system\Database\BaseBuilder.php(1615): CodeIgniter\Database\BaseConnection->query('SELECT *\nFROM `...', Array, false)
#4 C:\Users\PC-7\Desktop\playground1\app\Models\M_Model.php(114): CodeIgniter\Database\BaseBuilder->get()
#5 C:\Users\PC-7\Desktop\playground1\app\Controllers\playground.php(14): App\Models\M_model->join2('playground', 'pelanggan', 'playground.pela...')
#6 C:\Users\PC-7\Desktop\playground1\system\CodeIgniter.php(919): App\Controllers\playground->index()
#7 C:\Users\PC-7\Desktop\playground1\system\CodeIgniter.php(494): CodeIgniter\CodeIgniter->runController(Object(App\Controllers\playground))
#8 C:\Users\PC-7\Desktop\playground1\system\CodeIgniter.php(353): CodeIgniter\CodeIgniter->handleRequest(NULL, Object(Config\Cache), false)
#9 C:\Users\PC-7\Desktop\playground1\public\index.php(79): CodeIgniter\CodeIgniter->run()
#10 C:\Users\PC-7\Desktop\playground1\system\Commands\Server\rewrite.php(47): require_once('C:\\Users\\PC-7\\D...')
#11 {main}
CRITICAL - 2024-02-20 04:44:55 --> Call to a member function getResult() on bool
in APPPATH\Models\M_Model.php on line 114.
 1 APPPATH\Controllers\playground.php(14): App\Models\M_model->join2('playground', 'pelanggan', 'playground.pelanggan_id=pelanggan.id_pelanggan')
 2 SYSTEMPATH\CodeIgniter.php(919): App\Controllers\playground->index()
 3 SYSTEMPATH\CodeIgniter.php(494): CodeIgniter\CodeIgniter->runController(Object(App\Controllers\playground))
 4 SYSTEMPATH\CodeIgniter.php(353): CodeIgniter\CodeIgniter->handleRequest(null, Object(Config\Cache), false)
 5 FCPATH\index.php(79): CodeIgniter\CodeIgniter->run()
 6 SYSTEMPATH\Commands\Server\rewrite.php(47): require_once('C:\\Users\\PC-7\\Desktop\\playground1\\public\\index.php')
CRITICAL - 2024-02-20 04:49:09 --> Undefined property: stdClass::$status
in APPPATH\Views\playground\biling.php on line 81.
 1 APPPATH\Views\playground\biling.php(81): CodeIgniter\Debug\Exceptions->errorHandler(2, 'Undefined property: stdClass::$status', 'C:\\Users\\PC-7\\Desktop\\playground1\\app\\Views\\playground\\biling.php', 81)
 2 SYSTEMPATH\View\View.php(226): include('C:\\Users\\PC-7\\Desktop\\playground1\\app\\Views\\playground\\biling.php')
 3 SYSTEMPATH\View\View.php(229): CodeIgniter\View\View->CodeIgniter\View\{closure}()
 4 SYSTEMPATH\Common.php(1188): CodeIgniter\View\View->render('/playground/biling', [], true)
 5 APPPATH\Controllers\playground.php(17): view('/playground/biling', [...])
 6 SYSTEMPATH\CodeIgniter.php(919): App\Controllers\playground->index()
 7 SYSTEMPATH\CodeIgniter.php(494): CodeIgniter\CodeIgniter->runController(Object(App\Controllers\playground))
 8 SYSTEMPATH\CodeIgniter.php(353): CodeIgniter\CodeIgniter->handleRequest(null, Object(Config\Cache), false)
 9 FCPATH\index.php(79): CodeIgniter\CodeIgniter->run()
10 SYSTEMPATH\Commands\Server\rewrite.php(47): require_once('C:\\Users\\PC-7\\Desktop\\playground1\\public\\index.php')
CRITICAL - 2024-02-20 05:09:27 --> Undefined variable $durationInSeconds
in APPPATH\Views\playground\biling.php on line 137.
 1 APPPATH\Views\playground\biling.php(137): CodeIgniter\Debug\Exceptions->errorHandler(2, 'Undefined variable $durationInSeconds', 'C:\\Users\\PC-7\\Desktop\\playground1\\app\\Views\\playground\\biling.php', 137)
 2 SYSTEMPATH\View\View.php(226): include('C:\\Users\\PC-7\\Desktop\\playground1\\app\\Views\\playground\\biling.php')
 3 SYSTEMPATH\View\View.php(229): CodeIgniter\View\View->CodeIgniter\View\{closure}()
 4 SYSTEMPATH\Common.php(1188): CodeIgniter\View\View->render('/playground/biling', [], true)
 5 APPPATH\Controllers\playground.php(17): view('/playground/biling', [...])
 6 SYSTEMPATH\CodeIgniter.php(919): App\Controllers\playground->index()
 7 SYSTEMPATH\CodeIgniter.php(494): CodeIgniter\CodeIgniter->runController(Object(App\Controllers\playground))
 8 SYSTEMPATH\CodeIgniter.php(353): CodeIgniter\CodeIgniter->handleRequest(null, Object(Config\Cache), false)
 9 FCPATH\index.php(79): CodeIgniter\CodeIgniter->run()
10 SYSTEMPATH\Commands\Server\rewrite.php(47): require_once('C:\\Users\\PC-7\\Desktop\\playground1\\public\\index.php')
CRITICAL - 2024-02-20 05:09:40 --> Undefined variable $durationInSeconds
in APPPATH\Views\playground\biling.php on line 137.
 1 APPPATH\Views\playground\biling.php(137): CodeIgniter\Debug\Exceptions->errorHandler(2, 'Undefined variable $durationInSeconds', 'C:\\Users\\PC-7\\Desktop\\playground1\\app\\Views\\playground\\biling.php', 137)
 2 SYSTEMPATH\View\View.php(226): include('C:\\Users\\PC-7\\Desktop\\playground1\\app\\Views\\playground\\biling.php')
 3 SYSTEMPATH\View\View.php(229): CodeIgniter\View\View->CodeIgniter\View\{closure}()
 4 SYSTEMPATH\Common.php(1188): CodeIgniter\View\View->render('/playground/biling', [], true)
 5 APPPATH\Controllers\playground.php(17): view('/playground/biling', [...])
 6 SYSTEMPATH\CodeIgniter.php(919): App\Controllers\playground->index()
 7 SYSTEMPATH\CodeIgniter.php(494): CodeIgniter\CodeIgniter->runController(Object(App\Controllers\playground))
 8 SYSTEMPATH\CodeIgniter.php(353): CodeIgniter\CodeIgniter->handleRequest(null, Object(Config\Cache), false)
 9 FCPATH\index.php(79): CodeIgniter\CodeIgniter->run()
10 SYSTEMPATH\Commands\Server\rewrite.php(47): require_once('C:\\Users\\PC-7\\Desktop\\playground1\\public\\index.php')
CRITICAL - 2024-02-20 05:09:41 --> Undefined variable $durationInSeconds
in APPPATH\Views\playground\biling.php on line 137.
 1 APPPATH\Views\playground\biling.php(137): CodeIgniter\Debug\Exceptions->errorHandler(2, 'Undefined variable $durationInSeconds', 'C:\\Users\\PC-7\\Desktop\\playground1\\app\\Views\\playground\\biling.php', 137)
 2 SYSTEMPATH\View\View.php(226): include('C:\\Users\\PC-7\\Desktop\\playground1\\app\\Views\\playground\\biling.php')
 3 SYSTEMPATH\View\View.php(229): CodeIgniter\View\View->CodeIgniter\View\{closure}()
 4 SYSTEMPATH\Common.php(1188): CodeIgniter\View\View->render('/playground/biling', [], true)
 5 APPPATH\Controllers\playground.php(17): view('/playground/biling', [...])
 6 SYSTEMPATH\CodeIgniter.php(919): App\Controllers\playground->index()
 7 SYSTEMPATH\CodeIgniter.php(494): CodeIgniter\CodeIgniter->runController(Object(App\Controllers\playground))
 8 SYSTEMPATH\CodeIgniter.php(353): CodeIgniter\CodeIgniter->handleRequest(null, Object(Config\Cache), false)
 9 FCPATH\index.php(79): CodeIgniter\CodeIgniter->run()
10 SYSTEMPATH\Commands\Server\rewrite.php(47): require_once('C:\\Users\\PC-7\\Desktop\\playground1\\public\\index.php')
CRITICAL - 2024-02-20 05:09:51 --> Undefined variable $durationInSeconds
in APPPATH\Views\playground\biling.php on line 137.
 1 APPPATH\Views\playground\biling.php(137): CodeIgniter\Debug\Exceptions->errorHandler(2, 'Undefined variable $durationInSeconds', 'C:\\Users\\PC-7\\Desktop\\playground1\\app\\Views\\playground\\biling.php', 137)
 2 SYSTEMPATH\View\View.php(226): include('C:\\Users\\PC-7\\Desktop\\playground1\\app\\Views\\playground\\biling.php')
 3 SYSTEMPATH\View\View.php(229): CodeIgniter\View\View->CodeIgniter\View\{closure}()
 4 SYSTEMPATH\Common.php(1188): CodeIgniter\View\View->render('/playground/biling', [], true)
 5 APPPATH\Controllers\playground.php(17): view('/playground/biling', [...])
 6 SYSTEMPATH\CodeIgniter.php(919): App\Controllers\playground->index()
 7 SYSTEMPATH\CodeIgniter.php(494): CodeIgniter\CodeIgniter->runController(Object(App\Controllers\playground))
 8 SYSTEMPATH\CodeIgniter.php(353): CodeIgniter\CodeIgniter->handleRequest(null, Object(Config\Cache), false)
 9 FCPATH\index.php(79): CodeIgniter\CodeIgniter->run()
10 SYSTEMPATH\Commands\Server\rewrite.php(47): require_once('C:\\Users\\PC-7\\Desktop\\playground1\\public\\index.php')
CRITICAL - 2024-02-20 05:09:52 --> Undefined variable $durationInSeconds
in APPPATH\Views\playground\biling.php on line 137.
 1 APPPATH\Views\playground\biling.php(137): CodeIgniter\Debug\Exceptions->errorHandler(2, 'Undefined variable $durationInSeconds', 'C:\\Users\\PC-7\\Desktop\\playground1\\app\\Views\\playground\\biling.php', 137)
 2 SYSTEMPATH\View\View.php(226): include('C:\\Users\\PC-7\\Desktop\\playground1\\app\\Views\\playground\\biling.php')
 3 SYSTEMPATH\View\View.php(229): CodeIgniter\View\View->CodeIgniter\View\{closure}()
 4 SYSTEMPATH\Common.php(1188): CodeIgniter\View\View->render('/playground/biling', [], true)
 5 APPPATH\Controllers\playground.php(17): view('/playground/biling', [...])
 6 SYSTEMPATH\CodeIgniter.php(919): App\Controllers\playground->index()
 7 SYSTEMPATH\CodeIgniter.php(494): CodeIgniter\CodeIgniter->runController(Object(App\Controllers\playground))
 8 SYSTEMPATH\CodeIgniter.php(353): CodeIgniter\CodeIgniter->handleRequest(null, Object(Config\Cache), false)
 9 FCPATH\index.php(79): CodeIgniter\CodeIgniter->run()
10 SYSTEMPATH\Commands\Server\rewrite.php(47): require_once('C:\\Users\\PC-7\\Desktop\\playground1\\public\\index.php')
CRITICAL - 2024-02-20 05:10:10 --> Undefined variable $durationInSeconds
in APPPATH\Views\playground\biling.php on line 137.
 1 APPPATH\Views\playground\biling.php(137): CodeIgniter\Debug\Exceptions->errorHandler(2, 'Undefined variable $durationInSeconds', 'C:\\Users\\PC-7\\Desktop\\playground1\\app\\Views\\playground\\biling.php', 137)
 2 SYSTEMPATH\View\View.php(226): include('C:\\Users\\PC-7\\Desktop\\playground1\\app\\Views\\playground\\biling.php')
 3 SYSTEMPATH\View\View.php(229): CodeIgniter\View\View->CodeIgniter\View\{closure}()
 4 SYSTEMPATH\Common.php(1188): CodeIgniter\View\View->render('/playground/biling', [], true)
 5 APPPATH\Controllers\playground.php(17): view('/playground/biling', [...])
 6 SYSTEMPATH\CodeIgniter.php(919): App\Controllers\playground->index()
 7 SYSTEMPATH\CodeIgniter.php(494): CodeIgniter\CodeIgniter->runController(Object(App\Controllers\playground))
 8 SYSTEMPATH\CodeIgniter.php(353): CodeIgniter\CodeIgniter->handleRequest(null, Object(Config\Cache), false)
 9 FCPATH\index.php(79): CodeIgniter\CodeIgniter->run()
10 SYSTEMPATH\Commands\Server\rewrite.php(47): require_once('C:\\Users\\PC-7\\Desktop\\playground1\\public\\index.php')
CRITICAL - 2024-02-20 05:10:11 --> Undefined variable $durationInSeconds
in APPPATH\Views\playground\biling.php on line 137.
 1 APPPATH\Views\playground\biling.php(137): CodeIgniter\Debug\Exceptions->errorHandler(2, 'Undefined variable $durationInSeconds', 'C:\\Users\\PC-7\\Desktop\\playground1\\app\\Views\\playground\\biling.php', 137)
 2 SYSTEMPATH\View\View.php(226): include('C:\\Users\\PC-7\\Desktop\\playground1\\app\\Views\\playground\\biling.php')
 3 SYSTEMPATH\View\View.php(229): CodeIgniter\View\View->CodeIgniter\View\{closure}()
 4 SYSTEMPATH\Common.php(1188): CodeIgniter\View\View->render('/playground/biling', [], true)
 5 APPPATH\Controllers\playground.php(17): view('/playground/biling', [...])
 6 SYSTEMPATH\CodeIgniter.php(919): App\Controllers\playground->index()
 7 SYSTEMPATH\CodeIgniter.php(494): CodeIgniter\CodeIgniter->runController(Object(App\Controllers\playground))
 8 SYSTEMPATH\CodeIgniter.php(353): CodeIgniter\CodeIgniter->handleRequest(null, Object(Config\Cache), false)
 9 FCPATH\index.php(79): CodeIgniter\CodeIgniter->run()
10 SYSTEMPATH\Commands\Server\rewrite.php(47): require_once('C:\\Users\\PC-7\\Desktop\\playground1\\public\\index.php')
CRITICAL - 2024-02-20 05:11:15 --> Undefined property: stdClass::$transaksi_id
in APPPATH\Views\playground\biling.php on line 49.
 1 APPPATH\Views\playground\biling.php(49): CodeIgniter\Debug\Exceptions->errorHandler(2, 'Undefined property: stdClass::$transaksi_id', 'C:\\Users\\PC-7\\Desktop\\playground1\\app\\Views\\playground\\biling.php', 49)
 2 SYSTEMPATH\View\View.php(226): include('C:\\Users\\PC-7\\Desktop\\playground1\\app\\Views\\playground\\biling.php')
 3 SYSTEMPATH\View\View.php(229): CodeIgniter\View\View->CodeIgniter\View\{closure}()
 4 SYSTEMPATH\Common.php(1188): CodeIgniter\View\View->render('/playground/biling', [], true)
 5 APPPATH\Controllers\playground.php(17): view('/playground/biling', [...])
 6 SYSTEMPATH\CodeIgniter.php(919): App\Controllers\playground->index()
 7 SYSTEMPATH\CodeIgniter.php(494): CodeIgniter\CodeIgniter->runController(Object(App\Controllers\playground))
 8 SYSTEMPATH\CodeIgniter.php(353): CodeIgniter\CodeIgniter->handleRequest(null, Object(Config\Cache), false)
 9 FCPATH\index.php(79): CodeIgniter\CodeIgniter->run()
10 SYSTEMPATH\Commands\Server\rewrite.php(47): require_once('C:\\Users\\PC-7\\Desktop\\playground1\\public\\index.php')
CRITICAL - 2024-02-20 05:11:23 --> Undefined property: stdClass::$transaksi_id
in APPPATH\Views\playground\biling.php on line 137.
 1 APPPATH\Views\playground\biling.php(137): CodeIgniter\Debug\Exceptions->errorHandler(2, 'Undefined property: stdClass::$transaksi_id', 'C:\\Users\\PC-7\\Desktop\\playground1\\app\\Views\\playground\\biling.php', 137)
 2 SYSTEMPATH\View\View.php(226): include('C:\\Users\\PC-7\\Desktop\\playground1\\app\\Views\\playground\\biling.php')
 3 SYSTEMPATH\View\View.php(229): CodeIgniter\View\View->CodeIgniter\View\{closure}()
 4 SYSTEMPATH\Common.php(1188): CodeIgniter\View\View->render('/playground/biling', [], true)
 5 APPPATH\Controllers\playground.php(17): view('/playground/biling', [...])
 6 SYSTEMPATH\CodeIgniter.php(919): App\Controllers\playground->index()
 7 SYSTEMPATH\CodeIgniter.php(494): CodeIgniter\CodeIgniter->runController(Object(App\Controllers\playground))
 8 SYSTEMPATH\CodeIgniter.php(353): CodeIgniter\CodeIgniter->handleRequest(null, Object(Config\Cache), false)
 9 FCPATH\index.php(79): CodeIgniter\CodeIgniter->run()
10 SYSTEMPATH\Commands\Server\rewrite.php(47): require_once('C:\\Users\\PC-7\\Desktop\\playground1\\public\\index.php')
CRITICAL - 2024-02-20 05:11:39 --> Undefined variable $durationInSeconds
in APPPATH\Views\playground\biling.php on line 137.
 1 APPPATH\Views\playground\biling.php(137): CodeIgniter\Debug\Exceptions->errorHandler(2, 'Undefined variable $durationInSeconds', 'C:\\Users\\PC-7\\Desktop\\playground1\\app\\Views\\playground\\biling.php', 137)
 2 SYSTEMPATH\View\View.php(226): include('C:\\Users\\PC-7\\Desktop\\playground1\\app\\Views\\playground\\biling.php')
 3 SYSTEMPATH\View\View.php(229): CodeIgniter\View\View->CodeIgniter\View\{closure}()
 4 SYSTEMPATH\Common.php(1188): CodeIgniter\View\View->render('/playground/biling', [], true)
 5 APPPATH\Controllers\playground.php(17): view('/playground/biling', [...])
 6 SYSTEMPATH\CodeIgniter.php(919): App\Controllers\playground->index()
 7 SYSTEMPATH\CodeIgniter.php(494): CodeIgniter\CodeIgniter->runController(Object(App\Controllers\playground))
 8 SYSTEMPATH\CodeIgniter.php(353): CodeIgniter\CodeIgniter->handleRequest(null, Object(Config\Cache), false)
 9 FCPATH\index.php(79): CodeIgniter\CodeIgniter->run()
10 SYSTEMPATH\Commands\Server\rewrite.php(47): require_once('C:\\Users\\PC-7\\Desktop\\playground1\\public\\index.php')
CRITICAL - 2024-02-20 05:12:07 --> Undefined variable $yourDurationInSecondsVariable
in APPPATH\Views\playground\biling.php on line 138.
 1 APPPATH\Views\playground\biling.php(138): CodeIgniter\Debug\Exceptions->errorHandler(2, 'Undefined variable $yourDurationInSecondsVariable', 'C:\\Users\\PC-7\\Desktop\\playground1\\app\\Views\\playground\\biling.php', 138)
 2 SYSTEMPATH\View\View.php(226): include('C:\\Users\\PC-7\\Desktop\\playground1\\app\\Views\\playground\\biling.php')
 3 SYSTEMPATH\View\View.php(229): CodeIgniter\View\View->CodeIgniter\View\{closure}()
 4 SYSTEMPATH\Common.php(1188): CodeIgniter\View\View->render('/playground/biling', [], true)
 5 APPPATH\Controllers\playground.php(17): view('/playground/biling', [...])
 6 SYSTEMPATH\CodeIgniter.php(919): App\Controllers\playground->index()
 7 SYSTEMPATH\CodeIgniter.php(494): CodeIgniter\CodeIgniter->runController(Object(App\Controllers\playground))
 8 SYSTEMPATH\CodeIgniter.php(353): CodeIgniter\CodeIgniter->handleRequest(null, Object(Config\Cache), false)
 9 FCPATH\index.php(79): CodeIgniter\CodeIgniter->run()
10 SYSTEMPATH\Commands\Server\rewrite.php(47): require_once('C:\\Users\\PC-7\\Desktop\\playground1\\public\\index.php')
CRITICAL - 2024-02-20 10:45:15 --> Class 'Locale' not found
in SYSTEMPATH\CodeIgniter.php on line 214.
 1 ROOTPATH\spark(88): CodeIgniter\CodeIgniter->initialize()
CRITICAL - 2024-02-20 10:45:15 --> Uncaught Error: Class 'Locale' not found in C:\Users\Cytic\OneDrive\Desktop\playground\system\I18n\TimeTrait.php:74
Stack trace:
#0 C:\Users\Cytic\OneDrive\Desktop\playground\system\I18n\TimeTrait.php(115): CodeIgniter\I18n\Time->__construct(NULL, NULL, NULL)
#1 C:\Users\Cytic\OneDrive\Desktop\playground\system\HTTP\ResponseTrait.php(468): CodeIgniter\I18n\Time::now()
#2 C:\Users\Cytic\OneDrive\Desktop\playground\system\HTTP\ResponseTrait.php(446): CodeIgniter\HTTP\Response->sendHeaders()
#3 C:\Users\Cytic\OneDrive\Desktop\playground\system\Debug\ExceptionHandler.php(78): CodeIgniter\HTTP\Response->send()
#4 C:\Users\Cytic\OneDrive\Desktop\playground\system\Debug\Exceptions.php(147): CodeIgniter\Debug\ExceptionHandler->handle(Object(Error), Object(CodeIgniter\HTTP\IncomingRequest), Object(CodeIgniter\HTTP\Response), 500, 1)
#5 [internal function]: CodeIgniter\Debug\Exceptions->exceptionHandler(Object(Error))
#6 {main}
  thrown
【Previous Exception】
Error
Class 'Locale' not found
#0 C:\Users\Cytic\OneDrive\Desktop\playground\spark(88): CodeIgniter\CodeIgniter->initialize()
#1 {main}
in SYSTEMPATH\I18n\TimeTrait.php on line 74.
 1 [internal function]: CodeIgniter\Debug\Exceptions->shutdownHandler()
CRITICAL - 2024-02-20 10:47:45 --> Class 'Locale' not found
in SYSTEMPATH\CodeIgniter.php on line 214.
 1 ROOTPATH\spark(88): CodeIgniter\CodeIgniter->initialize()
CRITICAL - 2024-02-20 10:47:45 --> Uncaught Error: Class 'Locale' not found in D:\xampp\htdocs\playground\system\I18n\TimeTrait.php:74
Stack trace:
#0 D:\xampp\htdocs\playground\system\I18n\TimeTrait.php(115): CodeIgniter\I18n\Time->__construct(NULL, NULL, NULL)
#1 D:\xampp\htdocs\playground\system\HTTP\ResponseTrait.php(468): CodeIgniter\I18n\Time::now()
#2 D:\xampp\htdocs\playground\system\HTTP\ResponseTrait.php(446): CodeIgniter\HTTP\Response->sendHeaders()
#3 D:\xampp\htdocs\playground\system\Debug\ExceptionHandler.php(78): CodeIgniter\HTTP\Response->send()
#4 D:\xampp\htdocs\playground\system\Debug\Exceptions.php(147): CodeIgniter\Debug\ExceptionHandler->handle(Object(Error), Object(CodeIgniter\HTTP\IncomingRequest), Object(CodeIgniter\HTTP\Response), 500, 1)
#5 [internal function]: CodeIgniter\Debug\Exceptions->exceptionHandler(Object(Error))
#6 {main}
  thrown
【Previous Exception】
Error
Class 'Locale' not found
#0 D:\xampp\htdocs\playground\spark(88): CodeIgniter\CodeIgniter->initialize()
#1 {main}
in SYSTEMPATH\I18n\TimeTrait.php on line 74.
 1 [internal function]: CodeIgniter\Debug\Exceptions->shutdownHandler()
CRITICAL - 2024-02-20 10:48:29 --> Class 'Locale' not found
in SYSTEMPATH\CodeIgniter.php on line 214.
 1 ROOTPATH\spark(88): CodeIgniter\CodeIgniter->initialize()
CRITICAL - 2024-02-20 10:48:29 --> Uncaught Error: Class 'Locale' not found in D:\xampp\htdocs\playground\system\I18n\TimeTrait.php:74
Stack trace:
#0 D:\xampp\htdocs\playground\system\I18n\TimeTrait.php(115): CodeIgniter\I18n\Time->__construct(NULL, NULL, NULL)
#1 D:\xampp\htdocs\playground\system\HTTP\ResponseTrait.php(468): CodeIgniter\I18n\Time::now()
#2 D:\xampp\htdocs\playground\system\HTTP\ResponseTrait.php(446): CodeIgniter\HTTP\Response->sendHeaders()
#3 D:\xampp\htdocs\playground\system\Debug\ExceptionHandler.php(78): CodeIgniter\HTTP\Response->send()
#4 D:\xampp\htdocs\playground\system\Debug\Exceptions.php(147): CodeIgniter\Debug\ExceptionHandler->handle(Object(Error), Object(CodeIgniter\HTTP\IncomingRequest), Object(CodeIgniter\HTTP\Response), 500, 1)
#5 [internal function]: CodeIgniter\Debug\Exceptions->exceptionHandler(Object(Error))
#6 {main}
  thrown
【Previous Exception】
Error
Class 'Locale' not found
#0 D:\xampp\htdocs\playground\spark(88): CodeIgniter\CodeIgniter->initialize()
#1 {main}
in SYSTEMPATH\I18n\TimeTrait.php on line 74.
 1 [internal function]: CodeIgniter\Debug\Exceptions->shutdownHandler()
CRITICAL - 2024-02-20 10:50:19 --> Class 'Locale' not found
in SYSTEMPATH\CodeIgniter.php on line 214.
 1 ROOTPATH\spark(88): CodeIgniter\CodeIgniter->initialize()
CRITICAL - 2024-02-20 10:50:19 --> Uncaught Error: Class 'Locale' not found in D:\xampp\htdocs\playground\system\I18n\TimeTrait.php:74
Stack trace:
#0 D:\xampp\htdocs\playground\system\I18n\TimeTrait.php(115): CodeIgniter\I18n\Time->__construct(NULL, NULL, NULL)
#1 D:\xampp\htdocs\playground\system\HTTP\ResponseTrait.php(468): CodeIgniter\I18n\Time::now()
#2 D:\xampp\htdocs\playground\system\HTTP\ResponseTrait.php(446): CodeIgniter\HTTP\Response->sendHeaders()
#3 D:\xampp\htdocs\playground\system\Debug\ExceptionHandler.php(78): CodeIgniter\HTTP\Response->send()
#4 D:\xampp\htdocs\playground\system\Debug\Exceptions.php(147): CodeIgniter\Debug\ExceptionHandler->handle(Object(Error), Object(CodeIgniter\HTTP\IncomingRequest), Object(CodeIgniter\HTTP\Response), 500, 1)
#5 [internal function]: CodeIgniter\Debug\Exceptions->exceptionHandler(Object(Error))
#6 {main}
  thrown
【Previous Exception】
Error
Class 'Locale' not found
#0 D:\xampp\htdocs\playground\spark(88): CodeIgniter\CodeIgniter->initialize()
#1 {main}
in SYSTEMPATH\I18n\TimeTrait.php on line 74.
 1 [internal function]: CodeIgniter\Debug\Exceptions->shutdownHandler()
CRITICAL - 2024-02-20 10:11:47 --> Invalid argument supplied for foreach()
in APPPATH\Views\pelanggan\add.php on line 68.
 1 APPPATH\Views\pelanggan\add.php(68): CodeIgniter\Debug\Exceptions->errorHandler(2, 'Invalid argument supplied for foreach()', 'D:\\xampp\\htdocs\\playground\\app\\Views\\pelanggan\\add.php', 68, [...])
 2 SYSTEMPATH\View\View.php(226): include('D:\\xampp\\htdocs\\playground\\app\\Views\\pelanggan\\add.php')
 3 SYSTEMPATH\View\View.php(229): CodeIgniter\View\View->CodeIgniter\View\{closure}()
 4 SYSTEMPATH\Common.php(1188): CodeIgniter\View\View->render('/pelanggan/add', [...], true)
 5 APPPATH\Controllers\pelanggan.php(29): view('/pelanggan/add', [...], [...])
 6 SYSTEMPATH\CodeIgniter.php(919): App\Controllers\pelanggan->adduser()
 7 SYSTEMPATH\CodeIgniter.php(494): CodeIgniter\CodeIgniter->runController(Object(App\Controllers\pelanggan))
 8 SYSTEMPATH\CodeIgniter.php(353): CodeIgniter\CodeIgniter->handleRequest(null, Object(Config\Cache), false)
 9 FCPATH\index.php(79): CodeIgniter\CodeIgniter->run()
10 SYSTEMPATH\Commands\Server\rewrite.php(47): require_once('D:\\xampp\\htdocs\\playground\\public\\index.php')
CRITICAL - 2024-02-20 10:12:03 --> Invalid argument supplied for foreach()
in APPPATH\Views\pelanggan\add.php on line 68.
 1 APPPATH\Views\pelanggan\add.php(68): CodeIgniter\Debug\Exceptions->errorHandler(2, 'Invalid argument supplied for foreach()', 'D:\\xampp\\htdocs\\playground\\app\\Views\\pelanggan\\add.php', 68, [...])
 2 SYSTEMPATH\View\View.php(226): include('D:\\xampp\\htdocs\\playground\\app\\Views\\pelanggan\\add.php')
 3 SYSTEMPATH\View\View.php(229): CodeIgniter\View\View->CodeIgniter\View\{closure}()
 4 SYSTEMPATH\Common.php(1188): CodeIgniter\View\View->render('/pelanggan/add', [...], true)
 5 APPPATH\Controllers\pelanggan.php(29): view('/pelanggan/add', [...], [...])
 6 SYSTEMPATH\CodeIgniter.php(919): App\Controllers\pelanggan->adduser()
 7 SYSTEMPATH\CodeIgniter.php(494): CodeIgniter\CodeIgniter->runController(Object(App\Controllers\pelanggan))
 8 SYSTEMPATH\CodeIgniter.php(353): CodeIgniter\CodeIgniter->handleRequest(null, Object(Config\Cache), false)
 9 FCPATH\index.php(79): CodeIgniter\CodeIgniter->run()
10 SYSTEMPATH\Commands\Server\rewrite.php(47): require_once('D:\\xampp\\htdocs\\playground\\public\\index.php')
CRITICAL - 2024-02-20 10:12:03 --> Invalid argument supplied for foreach()
in APPPATH\Views\pelanggan\add.php on line 68.
 1 APPPATH\Views\pelanggan\add.php(68): CodeIgniter\Debug\Exceptions->errorHandler(2, 'Invalid argument supplied for foreach()', 'D:\\xampp\\htdocs\\playground\\app\\Views\\pelanggan\\add.php', 68, [...])
 2 SYSTEMPATH\View\View.php(226): include('D:\\xampp\\htdocs\\playground\\app\\Views\\pelanggan\\add.php')
 3 SYSTEMPATH\View\View.php(229): CodeIgniter\View\View->CodeIgniter\View\{closure}()
 4 SYSTEMPATH\Common.php(1188): CodeIgniter\View\View->render('/pelanggan/add', [...], true)
 5 APPPATH\Controllers\pelanggan.php(29): view('/pelanggan/add', [...], [...])
 6 SYSTEMPATH\CodeIgniter.php(919): App\Controllers\pelanggan->adduser()
 7 SYSTEMPATH\CodeIgniter.php(494): CodeIgniter\CodeIgniter->runController(Object(App\Controllers\pelanggan))
 8 SYSTEMPATH\CodeIgniter.php(353): CodeIgniter\CodeIgniter->handleRequest(null, Object(Config\Cache), false)
 9 FCPATH\index.php(79): CodeIgniter\CodeIgniter->run()
10 SYSTEMPATH\Commands\Server\rewrite.php(47): require_once('D:\\xampp\\htdocs\\playground\\public\\index.php')
CRITICAL - 2024-02-20 10:12:12 --> Invalid argument supplied for foreach()
in APPPATH\Views\pelanggan\add.php on line 68.
 1 APPPATH\Views\pelanggan\add.php(68): CodeIgniter\Debug\Exceptions->errorHandler(2, 'Invalid argument supplied for foreach()', 'D:\\xampp\\htdocs\\playground\\app\\Views\\pelanggan\\add.php', 68, [...])
 2 SYSTEMPATH\View\View.php(226): include('D:\\xampp\\htdocs\\playground\\app\\Views\\pelanggan\\add.php')
 3 SYSTEMPATH\View\View.php(229): CodeIgniter\View\View->CodeIgniter\View\{closure}()
 4 SYSTEMPATH\Common.php(1188): CodeIgniter\View\View->render('/pelanggan/add', [...], true)
 5 APPPATH\Controllers\pelanggan.php(29): view('/pelanggan/add', [...], [...])
 6 SYSTEMPATH\CodeIgniter.php(919): App\Controllers\pelanggan->adduser()
 7 SYSTEMPATH\CodeIgniter.php(494): CodeIgniter\CodeIgniter->runController(Object(App\Controllers\pelanggan))
 8 SYSTEMPATH\CodeIgniter.php(353): CodeIgniter\CodeIgniter->handleRequest(null, Object(Config\Cache), false)
 9 FCPATH\index.php(79): CodeIgniter\CodeIgniter->run()
10 SYSTEMPATH\Commands\Server\rewrite.php(47): require_once('D:\\xampp\\htdocs\\playground\\public\\index.php')
CRITICAL - 2024-02-20 10:12:13 --> Invalid argument supplied for foreach()
in APPPATH\Views\pelanggan\add.php on line 68.
 1 APPPATH\Views\pelanggan\add.php(68): CodeIgniter\Debug\Exceptions->errorHandler(2, 'Invalid argument supplied for foreach()', 'D:\\xampp\\htdocs\\playground\\app\\Views\\pelanggan\\add.php', 68, [...])
 2 SYSTEMPATH\View\View.php(226): include('D:\\xampp\\htdocs\\playground\\app\\Views\\pelanggan\\add.php')
 3 SYSTEMPATH\View\View.php(229): CodeIgniter\View\View->CodeIgniter\View\{closure}()
 4 SYSTEMPATH\Common.php(1188): CodeIgniter\View\View->render('/pelanggan/add', [...], true)
 5 APPPATH\Controllers\pelanggan.php(29): view('/pelanggan/add', [...], [...])
 6 SYSTEMPATH\CodeIgniter.php(919): App\Controllers\pelanggan->adduser()
 7 SYSTEMPATH\CodeIgniter.php(494): CodeIgniter\CodeIgniter->runController(Object(App\Controllers\pelanggan))
 8 SYSTEMPATH\CodeIgniter.php(353): CodeIgniter\CodeIgniter->handleRequest(null, Object(Config\Cache), false)
 9 FCPATH\index.php(79): CodeIgniter\CodeIgniter->run()
10 SYSTEMPATH\Commands\Server\rewrite.php(47): require_once('D:\\xampp\\htdocs\\playground\\public\\index.php')
CRITICAL - 2024-02-20 10:16:13 --> Invalid argument supplied for foreach()
in APPPATH\Views\pelanggan\add.php on line 66.
 1 APPPATH\Views\pelanggan\add.php(66): CodeIgniter\Debug\Exceptions->errorHandler(2, 'Invalid argument supplied for foreach()', 'D:\\xampp\\htdocs\\playground\\app\\Views\\pelanggan\\add.php', 66, [...])
 2 SYSTEMPATH\View\View.php(226): include('D:\\xampp\\htdocs\\playground\\app\\Views\\pelanggan\\add.php')
 3 SYSTEMPATH\View\View.php(229): CodeIgniter\View\View->CodeIgniter\View\{closure}()
 4 SYSTEMPATH\Common.php(1188): CodeIgniter\View\View->render('/pelanggan/add', [...], true)
 5 APPPATH\Controllers\pelanggan.php(29): view('/pelanggan/add', [...], [...])
 6 SYSTEMPATH\CodeIgniter.php(919): App\Controllers\pelanggan->adduser()
 7 SYSTEMPATH\CodeIgniter.php(494): CodeIgniter\CodeIgniter->runController(Object(App\Controllers\pelanggan))
 8 SYSTEMPATH\CodeIgniter.php(353): CodeIgniter\CodeIgniter->handleRequest(null, Object(Config\Cache), false)
 9 FCPATH\index.php(79): CodeIgniter\CodeIgniter->run()
10 SYSTEMPATH\Commands\Server\rewrite.php(47): require_once('D:\\xampp\\htdocs\\playground\\public\\index.php')
CRITICAL - 2024-02-20 10:16:14 --> Invalid argument supplied for foreach()
in APPPATH\Views\pelanggan\add.php on line 66.
 1 APPPATH\Views\pelanggan\add.php(66): CodeIgniter\Debug\Exceptions->errorHandler(2, 'Invalid argument supplied for foreach()', 'D:\\xampp\\htdocs\\playground\\app\\Views\\pelanggan\\add.php', 66, [...])
 2 SYSTEMPATH\View\View.php(226): include('D:\\xampp\\htdocs\\playground\\app\\Views\\pelanggan\\add.php')
 3 SYSTEMPATH\View\View.php(229): CodeIgniter\View\View->CodeIgniter\View\{closure}()
 4 SYSTEMPATH\Common.php(1188): CodeIgniter\View\View->render('/pelanggan/add', [...], true)
 5 APPPATH\Controllers\pelanggan.php(29): view('/pelanggan/add', [...], [...])
 6 SYSTEMPATH\CodeIgniter.php(919): App\Controllers\pelanggan->adduser()
 7 SYSTEMPATH\CodeIgniter.php(494): CodeIgniter\CodeIgniter->runController(Object(App\Controllers\pelanggan))
 8 SYSTEMPATH\CodeIgniter.php(353): CodeIgniter\CodeIgniter->handleRequest(null, Object(Config\Cache), false)
 9 FCPATH\index.php(79): CodeIgniter\CodeIgniter->run()
10 SYSTEMPATH\Commands\Server\rewrite.php(47): require_once('D:\\xampp\\htdocs\\playground\\public\\index.php')
ERROR - 2024-02-20 10:24:19 --> mysqli_sql_exception: Unknown column 'permainan' in 'field list' in D:\xampp\htdocs\playground\system\Database\MySQLi\Connection.php:306
Stack trace:
#0 D:\xampp\htdocs\playground\system\Database\MySQLi\Connection.php(306): mysqli->query('INSERT INTO `pe...', 0)
#1 D:\xampp\htdocs\playground\system\Database\BaseConnection.php(692): CodeIgniter\Database\MySQLi\Connection->execute('INSERT INTO `pe...')
#2 D:\xampp\htdocs\playground\system\Database\BaseConnection.php(606): CodeIgniter\Database\BaseConnection->simpleQuery('INSERT INTO `pe...')
#3 D:\xampp\htdocs\playground\system\Database\BaseBuilder.php(2308): CodeIgniter\Database\BaseConnection->query('INSERT INTO `pe...', Array, false)
#4 D:\xampp\htdocs\playground\app\Models\M_Model.php(91): CodeIgniter\Database\BaseBuilder->insert(Array)
#5 D:\xampp\htdocs\playground\app\Controllers\pelanggan.php(48): App\Models\M_model->simpan('pelanggan', Array)
#6 D:\xampp\htdocs\playground\system\CodeIgniter.php(919): App\Controllers\pelanggan->aksi_adduser()
#7 D:\xampp\htdocs\playground\system\CodeIgniter.php(494): CodeIgniter\CodeIgniter->runController(Object(App\Controllers\pelanggan))
#8 D:\xampp\htdocs\playground\system\CodeIgniter.php(353): CodeIgniter\CodeIgniter->handleRequest(NULL, Object(Config\Cache), false)
#9 D:\xampp\htdocs\playground\public\index.php(79): CodeIgniter\CodeIgniter->run()
#10 D:\xampp\htdocs\playground\system\Commands\Server\rewrite.php(47): require_once('D:\\xampp\\htdocs...')
#11 {main}
ERROR - 2024-02-20 10:26:01 --> mysqli_sql_exception: Unknown column 'biaya' in 'field list' in D:\xampp\htdocs\playground\system\Database\MySQLi\Connection.php:306
Stack trace:
#0 D:\xampp\htdocs\playground\system\Database\MySQLi\Connection.php(306): mysqli->query('INSERT INTO `pe...', 0)
#1 D:\xampp\htdocs\playground\system\Database\BaseConnection.php(692): CodeIgniter\Database\MySQLi\Connection->execute('INSERT INTO `pe...')
#2 D:\xampp\htdocs\playground\system\Database\BaseConnection.php(606): CodeIgniter\Database\BaseConnection->simpleQuery('INSERT INTO `pe...')
#3 D:\xampp\htdocs\playground\system\Database\BaseBuilder.php(2308): CodeIgniter\Database\BaseConnection->query('INSERT INTO `pe...', Array, false)
#4 D:\xampp\htdocs\playground\app\Models\M_Model.php(91): CodeIgniter\Database\BaseBuilder->insert(Array)
#5 D:\xampp\htdocs\playground\app\Controllers\pelanggan.php(49): App\Models\M_model->simpan('pelanggan', Array)
#6 D:\xampp\htdocs\playground\system\CodeIgniter.php(919): App\Controllers\pelanggan->aksi_adduser()
#7 D:\xampp\htdocs\playground\system\CodeIgniter.php(494): CodeIgniter\CodeIgniter->runController(Object(App\Controllers\pelanggan))
#8 D:\xampp\htdocs\playground\system\CodeIgniter.php(353): CodeIgniter\CodeIgniter->handleRequest(NULL, Object(Config\Cache), false)
#9 D:\xampp\htdocs\playground\public\index.php(79): CodeIgniter\CodeIgniter->run()
#10 D:\xampp\htdocs\playground\system\Commands\Server\rewrite.php(47): require_once('D:\\xampp\\htdocs...')
#11 {main}
ERROR - 2024-02-20 10:26:32 --> mysqli_sql_exception: Unknown column 'biaya' in 'field list' in D:\xampp\htdocs\playground\system\Database\MySQLi\Connection.php:306
Stack trace:
#0 D:\xampp\htdocs\playground\system\Database\MySQLi\Connection.php(306): mysqli->query('INSERT INTO `pe...', 0)
#1 D:\xampp\htdocs\playground\system\Database\BaseConnection.php(692): CodeIgniter\Database\MySQLi\Connection->execute('INSERT INTO `pe...')
#2 D:\xampp\htdocs\playground\system\Database\BaseConnection.php(606): CodeIgniter\Database\BaseConnection->simpleQuery('INSERT INTO `pe...')
#3 D:\xampp\htdocs\playground\system\Database\BaseBuilder.php(2308): CodeIgniter\Database\BaseConnection->query('INSERT INTO `pe...', Array, false)
#4 D:\xampp\htdocs\playground\app\Models\M_Model.php(91): CodeIgniter\Database\BaseBuilder->insert(Array)
#5 D:\xampp\htdocs\playground\app\Controllers\pelanggan.php(51): App\Models\M_model->simpan('pelanggan', Array)
#6 D:\xampp\htdocs\playground\system\CodeIgniter.php(919): App\Controllers\pelanggan->aksi_adduser()
#7 D:\xampp\htdocs\playground\system\CodeIgniter.php(494): CodeIgniter\CodeIgniter->runController(Object(App\Controllers\pelanggan))
#8 D:\xampp\htdocs\playground\system\CodeIgniter.php(353): CodeIgniter\CodeIgniter->handleRequest(NULL, Object(Config\Cache), false)
#9 D:\xampp\htdocs\playground\public\index.php(79): CodeIgniter\CodeIgniter->run()
#10 D:\xampp\htdocs\playground\system\Commands\Server\rewrite.php(47): require_once('D:\\xampp\\htdocs...')
#11 {main}
ERROR - 2024-02-20 10:41:36 --> mysqli_sql_exception: Unknown column 'nama_pelanggan' in 'field list' in D:\xampp\htdocs\playground\system\Database\MySQLi\Connection.php:306
Stack trace:
#0 D:\xampp\htdocs\playground\system\Database\MySQLi\Connection.php(306): mysqli->query('INSERT INTO `tr...', 0)
#1 D:\xampp\htdocs\playground\system\Database\BaseConnection.php(692): CodeIgniter\Database\MySQLi\Connection->execute('INSERT INTO `tr...')
#2 D:\xampp\htdocs\playground\system\Database\BaseConnection.php(606): CodeIgniter\Database\BaseConnection->simpleQuery('INSERT INTO `tr...')
#3 D:\xampp\htdocs\playground\system\Database\BaseBuilder.php(2308): CodeIgniter\Database\BaseConnection->query('INSERT INTO `tr...', Array, false)
#4 D:\xampp\htdocs\playground\app\Models\M_Model.php(91): CodeIgniter\Database\BaseBuilder->insert(Array)
#5 D:\xampp\htdocs\playground\app\Controllers\pelanggan.php(64): App\Models\M_model->simpan('transaksi', Array)
#6 D:\xampp\htdocs\playground\system\CodeIgniter.php(919): App\Controllers\pelanggan->aksi_adduser()
#7 D:\xampp\htdocs\playground\system\CodeIgniter.php(494): CodeIgniter\CodeIgniter->runController(Object(App\Controllers\pelanggan))
#8 D:\xampp\htdocs\playground\system\CodeIgniter.php(353): CodeIgniter\CodeIgniter->handleRequest(NULL, Object(Config\Cache), false)
#9 D:\xampp\htdocs\playground\public\index.php(79): CodeIgniter\CodeIgniter->run()
#10 D:\xampp\htdocs\playground\system\Commands\Server\rewrite.php(47): require_once('D:\\xampp\\htdocs...')
#11 {main}
ERROR - 2024-02-20 10:42:25 --> mysqli_sql_exception: Column 'pelanggan_id' cannot be null in D:\xampp\htdocs\playground\system\Database\MySQLi\Connection.php:306
Stack trace:
#0 D:\xampp\htdocs\playground\system\Database\MySQLi\Connection.php(306): mysqli->query('INSERT INTO `tr...', 0)
#1 D:\xampp\htdocs\playground\system\Database\BaseConnection.php(692): CodeIgniter\Database\MySQLi\Connection->execute('INSERT INTO `tr...')
#2 D:\xampp\htdocs\playground\system\Database\BaseConnection.php(606): CodeIgniter\Database\BaseConnection->simpleQuery('INSERT INTO `tr...')
#3 D:\xampp\htdocs\playground\system\Database\BaseBuilder.php(2308): CodeIgniter\Database\BaseConnection->query('INSERT INTO `tr...', Array, false)
#4 D:\xampp\htdocs\playground\app\Models\M_Model.php(91): CodeIgniter\Database\BaseBuilder->insert(Array)
#5 D:\xampp\htdocs\playground\app\Controllers\pelanggan.php(64): App\Models\M_model->simpan('transaksi', Array)
#6 D:\xampp\htdocs\playground\system\CodeIgniter.php(919): App\Controllers\pelanggan->aksi_adduser()
#7 D:\xampp\htdocs\playground\system\CodeIgniter.php(494): CodeIgniter\CodeIgniter->runController(Object(App\Controllers\pelanggan))
#8 D:\xampp\htdocs\playground\system\CodeIgniter.php(353): CodeIgniter\CodeIgniter->handleRequest(NULL, Object(Config\Cache), false)
#9 D:\xampp\htdocs\playground\public\index.php(79): CodeIgniter\CodeIgniter->run()
#10 D:\xampp\htdocs\playground\system\Commands\Server\rewrite.php(47): require_once('D:\\xampp\\htdocs...')
#11 {main}
CRITICAL - 2024-02-20 10:47:04 --> You must set the database table to be used with your query.
in SYSTEMPATH\Database\BaseConnection.php on line 883.
 1 SYSTEMPATH\Model.php(635): CodeIgniter\Database\BaseConnection->table(null)
 2 SYSTEMPATH\Model.php(863): CodeIgniter\Model->builder()
 3 APPPATH\Controllers\pelanggan.php(54): CodeIgniter\Model->__call('insertID', [])
 4 SYSTEMPATH\CodeIgniter.php(919): App\Controllers\pelanggan->aksi_adduser()
 5 SYSTEMPATH\CodeIgniter.php(494): CodeIgniter\CodeIgniter->runController(Object(App\Controllers\pelanggan))
 6 SYSTEMPATH\CodeIgniter.php(353): CodeIgniter\CodeIgniter->handleRequest(null, Object(Config\Cache), false)
 7 FCPATH\index.php(79): CodeIgniter\CodeIgniter->run()
 8 SYSTEMPATH\Commands\Server\rewrite.php(47): require_once('D:\\xampp\\htdocs\\playground\\public\\index.php')
CRITICAL - 2024-02-20 10:53:53 --> You must set the database table to be used with your query.
in SYSTEMPATH\Database\BaseConnection.php on line 883.
 1 SYSTEMPATH\Model.php(635): CodeIgniter\Database\BaseConnection->table(null)
 2 SYSTEMPATH\Model.php(863): CodeIgniter\Model->builder()
 3 APPPATH\Controllers\pelanggan.php(57): CodeIgniter\Model->__call('insertID', [])
 4 SYSTEMPATH\CodeIgniter.php(919): App\Controllers\pelanggan->aksi_adduser()
 5 SYSTEMPATH\CodeIgniter.php(494): CodeIgniter\CodeIgniter->runController(Object(App\Controllers\pelanggan))
 6 SYSTEMPATH\CodeIgniter.php(353): CodeIgniter\CodeIgniter->handleRequest(null, Object(Config\Cache), false)
 7 FCPATH\index.php(79): CodeIgniter\CodeIgniter->run()
 8 SYSTEMPATH\Commands\Server\rewrite.php(47): require_once('D:\\xampp\\htdocs\\playground\\public\\index.php')
CRITICAL - 2024-02-20 10:54:29 --> You must set the database table to be used with your query.
in SYSTEMPATH\Database\BaseConnection.php on line 883.
 1 SYSTEMPATH\Model.php(635): CodeIgniter\Database\BaseConnection->table(null)
 2 SYSTEMPATH\Model.php(863): CodeIgniter\Model->builder()
 3 APPPATH\Controllers\pelanggan.php(54): CodeIgniter\Model->__call('table', [...])
 4 SYSTEMPATH\CodeIgniter.php(919): App\Controllers\pelanggan->aksi_adduser()
 5 SYSTEMPATH\CodeIgniter.php(494): CodeIgniter\CodeIgniter->runController(Object(App\Controllers\pelanggan))
 6 SYSTEMPATH\CodeIgniter.php(353): CodeIgniter\CodeIgniter->handleRequest(null, Object(Config\Cache), false)
 7 FCPATH\index.php(79): CodeIgniter\CodeIgniter->run()
 8 SYSTEMPATH\Commands\Server\rewrite.php(47): require_once('D:\\xampp\\htdocs\\playground\\public\\index.php')
CRITICAL - 2024-02-20 10:54:37 --> You must set the database table to be used with your query.
in SYSTEMPATH\Database\BaseConnection.php on line 883.
 1 SYSTEMPATH\Model.php(635): CodeIgniter\Database\BaseConnection->table(null)
 2 SYSTEMPATH\Model.php(863): CodeIgniter\Model->builder()
 3 APPPATH\Controllers\pelanggan.php(54): CodeIgniter\Model->__call('table', [...])
 4 SYSTEMPATH\CodeIgniter.php(919): App\Controllers\pelanggan->aksi_adduser()
 5 SYSTEMPATH\CodeIgniter.php(494): CodeIgniter\CodeIgniter->runController(Object(App\Controllers\pelanggan))
 6 SYSTEMPATH\CodeIgniter.php(353): CodeIgniter\CodeIgniter->handleRequest(null, Object(Config\Cache), false)
 7 FCPATH\index.php(79): CodeIgniter\CodeIgniter->run()
 8 SYSTEMPATH\Commands\Server\rewrite.php(47): require_once('D:\\xampp\\htdocs\\playground\\public\\index.php')
CRITICAL - 2024-02-20 10:58:14 --> Cannot use object of type stdClass as array
in APPPATH\Controllers\pelanggan.php on line 56.
 1 SYSTEMPATH\CodeIgniter.php(919): App\Controllers\pelanggan->aksi_adduser()
 2 SYSTEMPATH\CodeIgniter.php(494): CodeIgniter\CodeIgniter->runController(Object(App\Controllers\pelanggan))
 3 SYSTEMPATH\CodeIgniter.php(353): CodeIgniter\CodeIgniter->handleRequest(null, Object(Config\Cache), false)
 4 FCPATH\index.php(79): CodeIgniter\CodeIgniter->run()
 5 SYSTEMPATH\Commands\Server\rewrite.php(47): require_once('D:\\xampp\\htdocs\\playground\\public\\index.php')
CRITICAL - 2024-02-20 11:03:39 --> Call to undefined method CodeIgniter\Database\MySQLi\Connection::insert()
in APPPATH\Models\M_Model.php on line 95.
 1 APPPATH\Controllers\pelanggan.php(51): App\Models\M_model->simpan('pelanggan', [...])
 2 SYSTEMPATH\CodeIgniter.php(919): App\Controllers\pelanggan->aksi_adduser()
 3 SYSTEMPATH\CodeIgniter.php(494): CodeIgniter\CodeIgniter->runController(Object(App\Controllers\pelanggan))
 4 SYSTEMPATH\CodeIgniter.php(353): CodeIgniter\CodeIgniter->handleRequest(null, Object(Config\Cache), false)
 5 FCPATH\index.php(79): CodeIgniter\CodeIgniter->run()
 6 SYSTEMPATH\Commands\Server\rewrite.php(47): require_once('D:\\xampp\\htdocs\\playground\\public\\index.php')
CRITICAL - 2024-02-20 11:03:51 --> Cannot use object of type stdClass as array
in APPPATH\Controllers\pelanggan.php on line 54.
 1 SYSTEMPATH\CodeIgniter.php(919): App\Controllers\pelanggan->aksi_adduser()
 2 SYSTEMPATH\CodeIgniter.php(494): CodeIgniter\CodeIgniter->runController(Object(App\Controllers\pelanggan))
 3 SYSTEMPATH\CodeIgniter.php(353): CodeIgniter\CodeIgniter->handleRequest(null, Object(Config\Cache), false)
 4 FCPATH\index.php(79): CodeIgniter\CodeIgniter->run()
 5 SYSTEMPATH\Commands\Server\rewrite.php(47): require_once('D:\\xampp\\htdocs\\playground\\public\\index.php')
CRITICAL - 2024-02-20 11:07:25 --> Cannot use object of type stdClass as array
in APPPATH\Controllers\pelanggan.php on line 55.
 1 SYSTEMPATH\CodeIgniter.php(919): App\Controllers\pelanggan->aksi_adduser()
 2 SYSTEMPATH\CodeIgniter.php(494): CodeIgniter\CodeIgniter->runController(Object(App\Controllers\pelanggan))
 3 SYSTEMPATH\CodeIgniter.php(353): CodeIgniter\CodeIgniter->handleRequest(null, Object(Config\Cache), false)
 4 FCPATH\index.php(79): CodeIgniter\CodeIgniter->run()
 5 SYSTEMPATH\Commands\Server\rewrite.php(47): require_once('D:\\xampp\\htdocs\\playground\\public\\index.php')
ERROR - 2024-02-20 11:08:37 --> mysqli_sql_exception: Column 'mulai_jam' cannot be null in D:\xampp\htdocs\playground\system\Database\MySQLi\Connection.php:306
Stack trace:
#0 D:\xampp\htdocs\playground\system\Database\MySQLi\Connection.php(306): mysqli->query('INSERT INTO `tr...', 0)
#1 D:\xampp\htdocs\playground\system\Database\BaseConnection.php(692): CodeIgniter\Database\MySQLi\Connection->execute('INSERT INTO `tr...')
#2 D:\xampp\htdocs\playground\system\Database\BaseConnection.php(606): CodeIgniter\Database\BaseConnection->simpleQuery('INSERT INTO `tr...')
#3 D:\xampp\htdocs\playground\system\Database\BaseBuilder.php(2308): CodeIgniter\Database\BaseConnection->query('INSERT INTO `tr...', Array, false)
#4 D:\xampp\htdocs\playground\app\Models\M_Model.php(95): CodeIgniter\Database\BaseBuilder->insert(Array)
#5 D:\xampp\htdocs\playground\app\Controllers\pelanggan.php(77): App\Models\M_model->simpan('transaksi', Array)
#6 D:\xampp\htdocs\playground\system\CodeIgniter.php(919): App\Controllers\pelanggan->aksi_adduser()
#7 D:\xampp\htdocs\playground\system\CodeIgniter.php(494): CodeIgniter\CodeIgniter->runController(Object(App\Controllers\pelanggan))
#8 D:\xampp\htdocs\playground\system\CodeIgniter.php(353): CodeIgniter\CodeIgniter->handleRequest(NULL, Object(Config\Cache), false)
#9 D:\xampp\htdocs\playground\public\index.php(79): CodeIgniter\CodeIgniter->run()
#10 D:\xampp\htdocs\playground\system\Commands\Server\rewrite.php(47): require_once('D:\\xampp\\htdocs...')
#11 {main}
ERROR - 2024-02-20 11:09:18 --> mysqli_sql_exception: Column 'mulai_jam' cannot be null in D:\xampp\htdocs\playground\system\Database\MySQLi\Connection.php:306
Stack trace:
#0 D:\xampp\htdocs\playground\system\Database\MySQLi\Connection.php(306): mysqli->query('INSERT INTO `tr...', 0)
#1 D:\xampp\htdocs\playground\system\Database\BaseConnection.php(692): CodeIgniter\Database\MySQLi\Connection->execute('INSERT INTO `tr...')
#2 D:\xampp\htdocs\playground\system\Database\BaseConnection.php(606): CodeIgniter\Database\BaseConnection->simpleQuery('INSERT INTO `tr...')
#3 D:\xampp\htdocs\playground\system\Database\BaseBuilder.php(2308): CodeIgniter\Database\BaseConnection->query('INSERT INTO `tr...', Array, false)
#4 D:\xampp\htdocs\playground\app\Models\M_Model.php(95): CodeIgniter\Database\BaseBuilder->insert(Array)
#5 D:\xampp\htdocs\playground\app\Controllers\pelanggan.php(77): App\Models\M_model->simpan('transaksi', Array)
#6 D:\xampp\htdocs\playground\system\CodeIgniter.php(919): App\Controllers\pelanggan->aksi_adduser()
#7 D:\xampp\htdocs\playground\system\CodeIgniter.php(494): CodeIgniter\CodeIgniter->runController(Object(App\Controllers\pelanggan))
#8 D:\xampp\htdocs\playground\system\CodeIgniter.php(353): CodeIgniter\CodeIgniter->handleRequest(NULL, Object(Config\Cache), false)
#9 D:\xampp\htdocs\playground\public\index.php(79): CodeIgniter\CodeIgniter->run()
#10 D:\xampp\htdocs\playground\system\Commands\Server\rewrite.php(47): require_once('D:\\xampp\\htdocs...')
#11 {main}
CRITICAL - 2024-02-20 11:11:52 --> Cannot use object of type stdClass as array
in APPPATH\Controllers\pelanggan.php on line 56.
 1 SYSTEMPATH\CodeIgniter.php(919): App\Controllers\pelanggan->aksi_adduser()
 2 SYSTEMPATH\CodeIgniter.php(494): CodeIgniter\CodeIgniter->runController(Object(App\Controllers\pelanggan))
 3 SYSTEMPATH\CodeIgniter.php(353): CodeIgniter\CodeIgniter->handleRequest(null, Object(Config\Cache), false)
 4 FCPATH\index.php(79): CodeIgniter\CodeIgniter->run()
 5 SYSTEMPATH\Commands\Server\rewrite.php(47): require_once('D:\\xampp\\htdocs\\playground\\public\\index.php')
ERROR - 2024-02-20 11:12:29 --> mysqli_sql_exception: Column 'mulai_jam' cannot be null in D:\xampp\htdocs\playground\system\Database\MySQLi\Connection.php:306
Stack trace:
#0 D:\xampp\htdocs\playground\system\Database\MySQLi\Connection.php(306): mysqli->query('INSERT INTO `tr...', 0)
#1 D:\xampp\htdocs\playground\system\Database\BaseConnection.php(692): CodeIgniter\Database\MySQLi\Connection->execute('INSERT INTO `tr...')
#2 D:\xampp\htdocs\playground\system\Database\BaseConnection.php(606): CodeIgniter\Database\BaseConnection->simpleQuery('INSERT INTO `tr...')
#3 D:\xampp\htdocs\playground\system\Database\BaseBuilder.php(2308): CodeIgniter\Database\BaseConnection->query('INSERT INTO `tr...', Array, false)
#4 D:\xampp\htdocs\playground\app\Models\M_Model.php(91): CodeIgniter\Database\BaseBuilder->insert(Array)
#5 D:\xampp\htdocs\playground\app\Controllers\pelanggan.php(79): App\Models\M_model->simpan('transaksi', Array)
#6 D:\xampp\htdocs\playground\system\CodeIgniter.php(919): App\Controllers\pelanggan->aksi_adduser()
#7 D:\xampp\htdocs\playground\system\CodeIgniter.php(494): CodeIgniter\CodeIgniter->runController(Object(App\Controllers\pelanggan))
#8 D:\xampp\htdocs\playground\system\CodeIgniter.php(353): CodeIgniter\CodeIgniter->handleRequest(NULL, Object(Config\Cache), false)
#9 D:\xampp\htdocs\playground\public\index.php(79): CodeIgniter\CodeIgniter->run()
#10 D:\xampp\htdocs\playground\system\Commands\Server\rewrite.php(47): require_once('D:\\xampp\\htdocs...')
#11 {main}
CRITICAL - 2024-02-20 11:16:32 --> Allowed fields must be specified for model: "App\Models\M_model"
in SYSTEMPATH\BaseModel.php on line 1257.
 1 SYSTEMPATH\BaseModel.php(1257): CodeIgniter\Database\Exceptions\DataException::forInvalidAllowedFields('App\\Models\\M_model')
 2 SYSTEMPATH\BaseModel.php(925): CodeIgniter\BaseModel->doProtectFields([...])
 3 SYSTEMPATH\Model.php(776): CodeIgniter\BaseModel->update([...], [...])
 4 APPPATH\Controllers\pelanggan.php(75): CodeIgniter\Model->update('transaksi', [...], [...])
 5 SYSTEMPATH\CodeIgniter.php(919): App\Controllers\pelanggan->aksi_adduser()
 6 SYSTEMPATH\CodeIgniter.php(494): CodeIgniter\CodeIgniter->runController(Object(App\Controllers\pelanggan))
 7 SYSTEMPATH\CodeIgniter.php(353): CodeIgniter\CodeIgniter->handleRequest(null, Object(Config\Cache), false)
 8 FCPATH\index.php(79): CodeIgniter\CodeIgniter->run()
 9 SYSTEMPATH\Commands\Server\rewrite.php(47): require_once('D:\\xampp\\htdocs\\playground\\public\\index.php')
CRITICAL - 2024-02-20 11:17:26 --> There is no data to update.
in SYSTEMPATH\BaseModel.php on line 930.
 1 SYSTEMPATH\BaseModel.php(930): CodeIgniter\Database\Exceptions\DataException::forEmptyDataset('update')
 2 SYSTEMPATH\Model.php(776): CodeIgniter\BaseModel->update([...], [])
 3 APPPATH\Controllers\pelanggan.php(75): CodeIgniter\Model->update('transaksi', [...], [...])
 4 SYSTEMPATH\CodeIgniter.php(919): App\Controllers\pelanggan->aksi_adduser()
 5 SYSTEMPATH\CodeIgniter.php(494): CodeIgniter\CodeIgniter->runController(Object(App\Controllers\pelanggan))
 6 SYSTEMPATH\CodeIgniter.php(353): CodeIgniter\CodeIgniter->handleRequest(null, Object(Config\Cache), false)
 7 FCPATH\index.php(79): CodeIgniter\CodeIgniter->run()
 8 SYSTEMPATH\Commands\Server\rewrite.php(47): require_once('D:\\xampp\\htdocs\\playground\\public\\index.php')
CRITICAL - 2024-02-20 11:24:21 --> There is no data to update.
in SYSTEMPATH\BaseModel.php on line 930.
 1 SYSTEMPATH\BaseModel.php(930): CodeIgniter\Database\Exceptions\DataException::forEmptyDataset('update')
 2 SYSTEMPATH\Model.php(776): CodeIgniter\BaseModel->update([...], [])
 3 APPPATH\Models\M_Model.php(24): CodeIgniter\Model->update([...], [...])
 4 APPPATH\Controllers\pelanggan.php(77): App\Models\M_model->updateTransaction([...], [...])
 5 SYSTEMPATH\CodeIgniter.php(919): App\Controllers\pelanggan->aksi_adduser()
 6 SYSTEMPATH\CodeIgniter.php(494): CodeIgniter\CodeIgniter->runController(Object(App\Controllers\pelanggan))
 7 SYSTEMPATH\CodeIgniter.php(353): CodeIgniter\CodeIgniter->handleRequest(null, Object(Config\Cache), false)
 8 FCPATH\index.php(79): CodeIgniter\CodeIgniter->run()
 9 SYSTEMPATH\Commands\Server\rewrite.php(47): require_once('D:\\xampp\\htdocs\\playground\\public\\index.php')
CRITICAL - 2024-02-20 11:34:58 --> Call to a member function updateTransaction() on null
in APPPATH\Views\playground\biling.php on line 54.
 1 SYSTEMPATH\View\View.php(226): include()
 2 SYSTEMPATH\View\View.php(229): CodeIgniter\View\View->CodeIgniter\View\{closure}()
 3 SYSTEMPATH\Common.php(1188): CodeIgniter\View\View->render('/playground/biling', [], true)
 4 APPPATH\Controllers\playground.php(17): view('/playground/biling', [...])
 5 SYSTEMPATH\CodeIgniter.php(919): App\Controllers\playground->index()
 6 SYSTEMPATH\CodeIgniter.php(494): CodeIgniter\CodeIgniter->runController(Object(App\Controllers\playground))
 7 SYSTEMPATH\CodeIgniter.php(353): CodeIgniter\CodeIgniter->handleRequest(null, Object(Config\Cache), false)
 8 FCPATH\index.php(79): CodeIgniter\CodeIgniter->run()
 9 SYSTEMPATH\Commands\Server\rewrite.php(47): require_once('D:\\xampp\\htdocs\\playground\\public\\index.php')
CRITICAL - 2024-02-20 11:35:40 --> Class 'M_model' not found
in APPPATH\Views\playground\biling.php on line 54.
 1 SYSTEMPATH\View\View.php(226): include()
 2 SYSTEMPATH\View\View.php(229): CodeIgniter\View\View->CodeIgniter\View\{closure}()
 3 SYSTEMPATH\Common.php(1188): CodeIgniter\View\View->render('/playground/biling', [], true)
 4 APPPATH\Controllers\playground.php(17): view('/playground/biling', [...])
 5 SYSTEMPATH\CodeIgniter.php(919): App\Controllers\playground->index()
 6 SYSTEMPATH\CodeIgniter.php(494): CodeIgniter\CodeIgniter->runController(Object(App\Controllers\playground))
 7 SYSTEMPATH\CodeIgniter.php(353): CodeIgniter\CodeIgniter->handleRequest(null, Object(Config\Cache), false)
 8 FCPATH\index.php(79): CodeIgniter\CodeIgniter->run()
 9 SYSTEMPATH\Commands\Server\rewrite.php(47): require_once('D:\\xampp\\htdocs\\playground\\public\\index.php')
CRITICAL - 2024-02-20 11:35:40 --> Class 'M_model' not found
in APPPATH\Views\playground\biling.php on line 54.
 1 SYSTEMPATH\View\View.php(226): include()
 2 SYSTEMPATH\View\View.php(229): CodeIgniter\View\View->CodeIgniter\View\{closure}()
 3 SYSTEMPATH\Common.php(1188): CodeIgniter\View\View->render('/playground/biling', [], true)
 4 APPPATH\Controllers\playground.php(17): view('/playground/biling', [...])
 5 SYSTEMPATH\CodeIgniter.php(919): App\Controllers\playground->index()
 6 SYSTEMPATH\CodeIgniter.php(494): CodeIgniter\CodeIgniter->runController(Object(App\Controllers\playground))
 7 SYSTEMPATH\CodeIgniter.php(353): CodeIgniter\CodeIgniter->handleRequest(null, Object(Config\Cache), false)
 8 FCPATH\index.php(79): CodeIgniter\CodeIgniter->run()
 9 SYSTEMPATH\Commands\Server\rewrite.php(47): require_once('D:\\xampp\\htdocs\\playground\\public\\index.php')
CRITICAL - 2024-02-20 11:35:41 --> Class 'M_model' not found
in APPPATH\Views\playground\biling.php on line 54.
 1 SYSTEMPATH\View\View.php(226): include()
 2 SYSTEMPATH\View\View.php(229): CodeIgniter\View\View->CodeIgniter\View\{closure}()
 3 SYSTEMPATH\Common.php(1188): CodeIgniter\View\View->render('/playground/biling', [], true)
 4 APPPATH\Controllers\playground.php(17): view('/playground/biling', [...])
 5 SYSTEMPATH\CodeIgniter.php(919): App\Controllers\playground->index()
 6 SYSTEMPATH\CodeIgniter.php(494): CodeIgniter\CodeIgniter->runController(Object(App\Controllers\playground))
 7 SYSTEMPATH\CodeIgniter.php(353): CodeIgniter\CodeIgniter->handleRequest(null, Object(Config\Cache), false)
 8 FCPATH\index.php(79): CodeIgniter\CodeIgniter->run()
 9 SYSTEMPATH\Commands\Server\rewrite.php(47): require_once('D:\\xampp\\htdocs\\playground\\public\\index.php')
CRITICAL - 2024-02-20 19:25:14 --> number_format() expects parameter 1 to be float, string given
in APPPATH\Views\pelanggan\view.php on line 59.
 1 [internal function]: CodeIgniter\Debug\Exceptions->errorHandler(2, 'number_format() expects parameter 1 to be float, string given', 'D:\\xampp\\htdocs\\playground\\app\\Views\\pelanggan\\view.php', 59, [...])
 2 APPPATH\Views\pelanggan\view.php(59): number_format('', 0, ',', '.')
 3 SYSTEMPATH\View\View.php(226): include('D:\\xampp\\htdocs\\playground\\app\\Views\\pelanggan\\view.php')
 4 SYSTEMPATH\View\View.php(229): CodeIgniter\View\View->CodeIgniter\View\{closure}()
 5 SYSTEMPATH\Common.php(1188): CodeIgniter\View\View->render('/pelanggan/view', [], true)
 6 APPPATH\Controllers\pelanggan.php(16): view('/pelanggan/view', [...])
 7 SYSTEMPATH\CodeIgniter.php(919): App\Controllers\pelanggan->index()
 8 SYSTEMPATH\CodeIgniter.php(494): CodeIgniter\CodeIgniter->runController(Object(App\Controllers\pelanggan))
 9 SYSTEMPATH\CodeIgniter.php(353): CodeIgniter\CodeIgniter->handleRequest(null, Object(Config\Cache), false)
10 FCPATH\index.php(79): CodeIgniter\CodeIgniter->run()
11 SYSTEMPATH\Commands\Server\rewrite.php(47): require_once('D:\\xampp\\htdocs\\playground\\public\\index.php')
ERROR - 2024-02-20 21:29:50 --> mysqli_sql_exception: Unknown column 'transaksi' in 'where clause' in D:\xampp\htdocs\playground\system\Database\MySQLi\Connection.php:306
Stack trace:
#0 D:\xampp\htdocs\playground\system\Database\MySQLi\Connection.php(306): mysqli->query('DELETE FROM `pe...', 0)
#1 D:\xampp\htdocs\playground\system\Database\BaseConnection.php(692): CodeIgniter\Database\MySQLi\Connection->execute('DELETE FROM `pe...')
#2 D:\xampp\htdocs\playground\system\Database\BaseConnection.php(606): CodeIgniter\Database\BaseConnection->simpleQuery('DELETE FROM `pe...')
#3 D:\xampp\htdocs\playground\system\Database\BaseBuilder.php(2790): CodeIgniter\Database\BaseConnection->query('DELETE FROM `pe...', Array, false)
#4 D:\xampp\htdocs\playground\app\Models\M_Model.php(95): CodeIgniter\Database\BaseBuilder->delete('transaksi')
#5 D:\xampp\htdocs\playground\app\Controllers\pelanggan.php(118): App\Models\M_model->hapus('pelanggan', 'transaksi', Array, Array)
#6 D:\xampp\htdocs\playground\system\CodeIgniter.php(919): App\Controllers\pelanggan->hapus('73')
#7 D:\xampp\htdocs\playground\system\CodeIgniter.php(494): CodeIgniter\CodeIgniter->runController(Object(App\Controllers\pelanggan))
#8 D:\xampp\htdocs\playground\system\CodeIgniter.php(353): CodeIgniter\CodeIgniter->handleRequest(NULL, Object(Config\Cache), false)
#9 D:\xampp\htdocs\playground\public\index.php(79): CodeIgniter\CodeIgniter->run()
#10 D:\xampp\htdocs\playground\system\Commands\Server\rewrite.php(47): require_once('D:\\xampp\\htdocs...')
#11 {main}
