CRITICAL - 2024-02-21 14:02:37 --> Undefined variable $k
in APPPATH\Views\pelanggan\add.php on line 67.
 1 APPPATH\Views\pelanggan\add.php(67): CodeIgniter\Debug\Exceptions->errorHandler(2, 'Undefined variable $k', 'C:\\Users\\PC-7\\Desktop\\playground1\\app\\Views\\pelanggan\\add.php', 67)
 2 SYSTEMPATH\View\View.php(226): include('C:\\Users\\PC-7\\Desktop\\playground1\\app\\Views\\pelanggan\\add.php')
 3 SYSTEMPATH\View\View.php(229): CodeIgniter\View\View->CodeIgniter\View\{closure}()
 4 SYSTEMPATH\Common.php(1188): CodeIgniter\View\View->render('/pelanggan/add', [], true)
 5 APPPATH\Controllers\pelanggan.php(27): view('/pelanggan/add', [...])
 6 SYSTEMPATH\CodeIgniter.php(919): App\Controllers\pelanggan->adduser()
 7 SYSTEMPATH\CodeIgniter.php(494): CodeIgniter\CodeIgniter->runController(Object(App\Controllers\pelanggan))
 8 SYSTEMPATH\CodeIgniter.php(353): CodeIgniter\CodeIgniter->handleRequest(null, Object(Config\Cache), false)
 9 FCPATH\index.php(79): CodeIgniter\CodeIgniter->run()
10 SYSTEMPATH\Commands\Server\rewrite.php(47): require_once('C:\\Users\\PC-7\\Desktop\\playground1\\public\\index.php')
CRITICAL - 2024-02-21 14:05:49 --> Undefined variable $k
in APPPATH\Views\pelanggan\add.php on line 67.
 1 APPPATH\Views\pelanggan\add.php(67): CodeIgniter\Debug\Exceptions->errorHandler(2, 'Undefined variable $k', 'C:\\Users\\PC-7\\Desktop\\playground1\\app\\Views\\pelanggan\\add.php', 67)
 2 SYSTEMPATH\View\View.php(226): include('C:\\Users\\PC-7\\Desktop\\playground1\\app\\Views\\pelanggan\\add.php')
 3 SYSTEMPATH\View\View.php(229): CodeIgniter\View\View->CodeIgniter\View\{closure}()
 4 SYSTEMPATH\Common.php(1188): CodeIgniter\View\View->render('/pelanggan/add', [], true)
 5 APPPATH\Controllers\pelanggan.php(27): view('/pelanggan/add', [...])
 6 SYSTEMPATH\CodeIgniter.php(919): App\Controllers\pelanggan->adduser()
 7 SYSTEMPATH\CodeIgniter.php(494): CodeIgniter\CodeIgniter->runController(Object(App\Controllers\pelanggan))
 8 SYSTEMPATH\CodeIgniter.php(353): CodeIgniter\CodeIgniter->handleRequest(null, Object(Config\Cache), false)
 9 FCPATH\index.php(79): CodeIgniter\CodeIgniter->run()
10 SYSTEMPATH\Commands\Server\rewrite.php(47): require_once('C:\\Users\\PC-7\\Desktop\\playground1\\public\\index.php')
CRITICAL - 2024-02-21 14:05:54 --> Undefined variable $k
in APPPATH\Views\pelanggan\add.php on line 67.
 1 APPPATH\Views\pelanggan\add.php(67): CodeIgniter\Debug\Exceptions->errorHandler(2, 'Undefined variable $k', 'C:\\Users\\PC-7\\Desktop\\playground1\\app\\Views\\pelanggan\\add.php', 67)
 2 SYSTEMPATH\View\View.php(226): include('C:\\Users\\PC-7\\Desktop\\playground1\\app\\Views\\pelanggan\\add.php')
 3 SYSTEMPATH\View\View.php(229): CodeIgniter\View\View->CodeIgniter\View\{closure}()
 4 SYSTEMPATH\Common.php(1188): CodeIgniter\View\View->render('/pelanggan/add', [], true)
 5 APPPATH\Controllers\pelanggan.php(27): view('/pelanggan/add', [...])
 6 SYSTEMPATH\CodeIgniter.php(919): App\Controllers\pelanggan->adduser()
 7 SYSTEMPATH\CodeIgniter.php(494): CodeIgniter\CodeIgniter->runController(Object(App\Controllers\pelanggan))
 8 SYSTEMPATH\CodeIgniter.php(353): CodeIgniter\CodeIgniter->handleRequest(null, Object(Config\Cache), false)
 9 FCPATH\index.php(79): CodeIgniter\CodeIgniter->run()
10 SYSTEMPATH\Commands\Server\rewrite.php(47): require_once('C:\\Users\\PC-7\\Desktop\\playground1\\public\\index.php')
CRITICAL - 2024-02-21 14:08:37 --> Undefined variable $k
in APPPATH\Views\pelanggan\add.php on line 69.
 1 APPPATH\Views\pelanggan\add.php(69): CodeIgniter\Debug\Exceptions->errorHandler(2, 'Undefined variable $k', 'C:\\Users\\PC-7\\Desktop\\playground1\\app\\Views\\pelanggan\\add.php', 69)
 2 SYSTEMPATH\View\View.php(226): include('C:\\Users\\PC-7\\Desktop\\playground1\\app\\Views\\pelanggan\\add.php')
 3 SYSTEMPATH\View\View.php(229): CodeIgniter\View\View->CodeIgniter\View\{closure}()
 4 SYSTEMPATH\Common.php(1188): CodeIgniter\View\View->render('/pelanggan/add', [], true)
 5 APPPATH\Controllers\pelanggan.php(27): view('/pelanggan/add', [...])
 6 SYSTEMPATH\CodeIgniter.php(919): App\Controllers\pelanggan->adduser()
 7 SYSTEMPATH\CodeIgniter.php(494): CodeIgniter\CodeIgniter->runController(Object(App\Controllers\pelanggan))
 8 SYSTEMPATH\CodeIgniter.php(353): CodeIgniter\CodeIgniter->handleRequest(null, Object(Config\Cache), false)
 9 FCPATH\index.php(79): CodeIgniter\CodeIgniter->run()
10 SYSTEMPATH\Commands\Server\rewrite.php(47): require_once('C:\\Users\\PC-7\\Desktop\\playground1\\public\\index.php')
CRITICAL - 2024-02-21 14:10:15 --> Undefined variable $k
in APPPATH\Views\pelanggan\add.php on line 69.
 1 APPPATH\Views\pelanggan\add.php(69): CodeIgniter\Debug\Exceptions->errorHandler(2, 'Undefined variable $k', 'C:\\Users\\PC-7\\Desktop\\playground1\\app\\Views\\pelanggan\\add.php', 69)
 2 SYSTEMPATH\View\View.php(226): include('C:\\Users\\PC-7\\Desktop\\playground1\\app\\Views\\pelanggan\\add.php')
 3 SYSTEMPATH\View\View.php(229): CodeIgniter\View\View->CodeIgniter\View\{closure}()
 4 SYSTEMPATH\Common.php(1188): CodeIgniter\View\View->render('/pelanggan/add', [], true)
 5 APPPATH\Controllers\pelanggan.php(27): view('/pelanggan/add', [...])
 6 SYSTEMPATH\CodeIgniter.php(919): App\Controllers\pelanggan->adduser()
 7 SYSTEMPATH\CodeIgniter.php(494): CodeIgniter\CodeIgniter->runController(Object(App\Controllers\pelanggan))
 8 SYSTEMPATH\CodeIgniter.php(353): CodeIgniter\CodeIgniter->handleRequest(null, Object(Config\Cache), false)
 9 FCPATH\index.php(79): CodeIgniter\CodeIgniter->run()
10 SYSTEMPATH\Commands\Server\rewrite.php(47): require_once('C:\\Users\\PC-7\\Desktop\\playground1\\public\\index.php')
CRITICAL - 2024-02-21 14:10:58 --> Undefined variable $k
in APPPATH\Views\pelanggan\add.php on line 69.
 1 APPPATH\Views\pelanggan\add.php(69): CodeIgniter\Debug\Exceptions->errorHandler(2, 'Undefined variable $k', 'C:\\Users\\PC-7\\Desktop\\playground1\\app\\Views\\pelanggan\\add.php', 69)
 2 SYSTEMPATH\View\View.php(226): include('C:\\Users\\PC-7\\Desktop\\playground1\\app\\Views\\pelanggan\\add.php')
 3 SYSTEMPATH\View\View.php(229): CodeIgniter\View\View->CodeIgniter\View\{closure}()
 4 SYSTEMPATH\Common.php(1188): CodeIgniter\View\View->render('/pelanggan/add', [], true)
 5 APPPATH\Controllers\pelanggan.php(27): view('/pelanggan/add', [...])
 6 SYSTEMPATH\CodeIgniter.php(919): App\Controllers\pelanggan->adduser()
 7 SYSTEMPATH\CodeIgniter.php(494): CodeIgniter\CodeIgniter->runController(Object(App\Controllers\pelanggan))
 8 SYSTEMPATH\CodeIgniter.php(353): CodeIgniter\CodeIgniter->handleRequest(null, Object(Config\Cache), false)
 9 FCPATH\index.php(79): CodeIgniter\CodeIgniter->run()
10 SYSTEMPATH\Commands\Server\rewrite.php(47): require_once('C:\\Users\\PC-7\\Desktop\\playground1\\public\\index.php')
CRITICAL - 2024-02-21 14:12:50 --> Undefined variable $k
in APPPATH\Views\pelanggan\add.php on line 69.
 1 APPPATH\Views\pelanggan\add.php(69): CodeIgniter\Debug\Exceptions->errorHandler(2, 'Undefined variable $k', 'C:\\Users\\PC-7\\Desktop\\playground1\\app\\Views\\pelanggan\\add.php', 69)
 2 SYSTEMPATH\View\View.php(226): include('C:\\Users\\PC-7\\Desktop\\playground1\\app\\Views\\pelanggan\\add.php')
 3 SYSTEMPATH\View\View.php(229): CodeIgniter\View\View->CodeIgniter\View\{closure}()
 4 SYSTEMPATH\Common.php(1188): CodeIgniter\View\View->render('/pelanggan/add', [], true)
 5 APPPATH\Controllers\pelanggan.php(27): view('/pelanggan/add', [...])
 6 SYSTEMPATH\CodeIgniter.php(919): App\Controllers\pelanggan->adduser()
 7 SYSTEMPATH\CodeIgniter.php(494): CodeIgniter\CodeIgniter->runController(Object(App\Controllers\pelanggan))
 8 SYSTEMPATH\CodeIgniter.php(353): CodeIgniter\CodeIgniter->handleRequest(null, Object(Config\Cache), false)
 9 FCPATH\index.php(79): CodeIgniter\CodeIgniter->run()
10 SYSTEMPATH\Commands\Server\rewrite.php(47): require_once('C:\\Users\\PC-7\\Desktop\\playground1\\public\\index.php')
CRITICAL - 2024-02-21 14:12:55 --> Undefined variable $k
in APPPATH\Views\pelanggan\add.php on line 69.
 1 APPPATH\Views\pelanggan\add.php(69): CodeIgniter\Debug\Exceptions->errorHandler(2, 'Undefined variable $k', 'C:\\Users\\PC-7\\Desktop\\playground1\\app\\Views\\pelanggan\\add.php', 69)
 2 SYSTEMPATH\View\View.php(226): include('C:\\Users\\PC-7\\Desktop\\playground1\\app\\Views\\pelanggan\\add.php')
 3 SYSTEMPATH\View\View.php(229): CodeIgniter\View\View->CodeIgniter\View\{closure}()
 4 SYSTEMPATH\Common.php(1188): CodeIgniter\View\View->render('/pelanggan/add', [], true)
 5 APPPATH\Controllers\pelanggan.php(27): view('/pelanggan/add', [...])
 6 SYSTEMPATH\CodeIgniter.php(919): App\Controllers\pelanggan->adduser()
 7 SYSTEMPATH\CodeIgniter.php(494): CodeIgniter\CodeIgniter->runController(Object(App\Controllers\pelanggan))
 8 SYSTEMPATH\CodeIgniter.php(353): CodeIgniter\CodeIgniter->handleRequest(null, Object(Config\Cache), false)
 9 FCPATH\index.php(79): CodeIgniter\CodeIgniter->run()
10 SYSTEMPATH\Commands\Server\rewrite.php(47): require_once('C:\\Users\\PC-7\\Desktop\\playground1\\public\\index.php')
CRITICAL - 2024-02-21 14:12:56 --> Undefined variable $k
in APPPATH\Views\pelanggan\add.php on line 69.
 1 APPPATH\Views\pelanggan\add.php(69): CodeIgniter\Debug\Exceptions->errorHandler(2, 'Undefined variable $k', 'C:\\Users\\PC-7\\Desktop\\playground1\\app\\Views\\pelanggan\\add.php', 69)
 2 SYSTEMPATH\View\View.php(226): include('C:\\Users\\PC-7\\Desktop\\playground1\\app\\Views\\pelanggan\\add.php')
 3 SYSTEMPATH\View\View.php(229): CodeIgniter\View\View->CodeIgniter\View\{closure}()
 4 SYSTEMPATH\Common.php(1188): CodeIgniter\View\View->render('/pelanggan/add', [], true)
 5 APPPATH\Controllers\pelanggan.php(27): view('/pelanggan/add', [...])
 6 SYSTEMPATH\CodeIgniter.php(919): App\Controllers\pelanggan->adduser()
 7 SYSTEMPATH\CodeIgniter.php(494): CodeIgniter\CodeIgniter->runController(Object(App\Controllers\pelanggan))
 8 SYSTEMPATH\CodeIgniter.php(353): CodeIgniter\CodeIgniter->handleRequest(null, Object(Config\Cache), false)
 9 FCPATH\index.php(79): CodeIgniter\CodeIgniter->run()
10 SYSTEMPATH\Commands\Server\rewrite.php(47): require_once('C:\\Users\\PC-7\\Desktop\\playground1\\public\\index.php')
CRITICAL - 2024-02-21 14:12:56 --> Undefined variable $k
in APPPATH\Views\pelanggan\add.php on line 69.
 1 APPPATH\Views\pelanggan\add.php(69): CodeIgniter\Debug\Exceptions->errorHandler(2, 'Undefined variable $k', 'C:\\Users\\PC-7\\Desktop\\playground1\\app\\Views\\pelanggan\\add.php', 69)
 2 SYSTEMPATH\View\View.php(226): include('C:\\Users\\PC-7\\Desktop\\playground1\\app\\Views\\pelanggan\\add.php')
 3 SYSTEMPATH\View\View.php(229): CodeIgniter\View\View->CodeIgniter\View\{closure}()
 4 SYSTEMPATH\Common.php(1188): CodeIgniter\View\View->render('/pelanggan/add', [], true)
 5 APPPATH\Controllers\pelanggan.php(27): view('/pelanggan/add', [...])
 6 SYSTEMPATH\CodeIgniter.php(919): App\Controllers\pelanggan->adduser()
 7 SYSTEMPATH\CodeIgniter.php(494): CodeIgniter\CodeIgniter->runController(Object(App\Controllers\pelanggan))
 8 SYSTEMPATH\CodeIgniter.php(353): CodeIgniter\CodeIgniter->handleRequest(null, Object(Config\Cache), false)
 9 FCPATH\index.php(79): CodeIgniter\CodeIgniter->run()
10 SYSTEMPATH\Commands\Server\rewrite.php(47): require_once('C:\\Users\\PC-7\\Desktop\\playground1\\public\\index.php')
CRITICAL - 2024-02-21 14:13:15 --> Attempt to read property "permainan" on array
in APPPATH\Views\pelanggan\add.php on line 69.
 1 APPPATH\Views\pelanggan\add.php(69): CodeIgniter\Debug\Exceptions->errorHandler(2, 'Attempt to read property "permainan" on array', 'C:\\Users\\PC-7\\Desktop\\playground1\\app\\Views\\pelanggan\\add.php', 69)
 2 SYSTEMPATH\View\View.php(226): include('C:\\Users\\PC-7\\Desktop\\playground1\\app\\Views\\pelanggan\\add.php')
 3 SYSTEMPATH\View\View.php(229): CodeIgniter\View\View->CodeIgniter\View\{closure}()
 4 SYSTEMPATH\Common.php(1188): CodeIgniter\View\View->render('/pelanggan/add', [], true)
 5 APPPATH\Controllers\pelanggan.php(27): view('/pelanggan/add', [...])
 6 SYSTEMPATH\CodeIgniter.php(919): App\Controllers\pelanggan->adduser()
 7 SYSTEMPATH\CodeIgniter.php(494): CodeIgniter\CodeIgniter->runController(Object(App\Controllers\pelanggan))
 8 SYSTEMPATH\CodeIgniter.php(353): CodeIgniter\CodeIgniter->handleRequest(null, Object(Config\Cache), false)
 9 FCPATH\index.php(79): CodeIgniter\CodeIgniter->run()
10 SYSTEMPATH\Commands\Server\rewrite.php(47): require_once('C:\\Users\\PC-7\\Desktop\\playground1\\public\\index.php')
CRITICAL - 2024-02-21 14:15:20 --> Call to undefined method App\Models\M_model::tammpil
in SYSTEMPATH\Model.php on line 873.
 1 APPPATH\Controllers\pelanggan.php(25): CodeIgniter\Model->__call('tammpil', [...])
 2 SYSTEMPATH\CodeIgniter.php(919): App\Controllers\pelanggan->adduser()
 3 SYSTEMPATH\CodeIgniter.php(494): CodeIgniter\CodeIgniter->runController(Object(App\Controllers\pelanggan))
 4 SYSTEMPATH\CodeIgniter.php(353): CodeIgniter\CodeIgniter->handleRequest(null, Object(Config\Cache), false)
 5 FCPATH\index.php(79): CodeIgniter\CodeIgniter->run()
 6 SYSTEMPATH\Commands\Server\rewrite.php(47): require_once('C:\\Users\\PC-7\\Desktop\\playground1\\public\\index.php')
CRITICAL - 2024-02-21 14:15:41 --> Attempt to read property "permainan" on array
in APPPATH\Views\pelanggan\add.php on line 69.
 1 APPPATH\Views\pelanggan\add.php(69): CodeIgniter\Debug\Exceptions->errorHandler(2, 'Attempt to read property "permainan" on array', 'C:\\Users\\PC-7\\Desktop\\playground1\\app\\Views\\pelanggan\\add.php', 69)
 2 SYSTEMPATH\View\View.php(226): include('C:\\Users\\PC-7\\Desktop\\playground1\\app\\Views\\pelanggan\\add.php')
 3 SYSTEMPATH\View\View.php(229): CodeIgniter\View\View->CodeIgniter\View\{closure}()
 4 SYSTEMPATH\Common.php(1188): CodeIgniter\View\View->render('/pelanggan/add', [], true)
 5 APPPATH\Controllers\pelanggan.php(29): view('/pelanggan/add', [...])
 6 SYSTEMPATH\CodeIgniter.php(919): App\Controllers\pelanggan->adduser()
 7 SYSTEMPATH\CodeIgniter.php(494): CodeIgniter\CodeIgniter->runController(Object(App\Controllers\pelanggan))
 8 SYSTEMPATH\CodeIgniter.php(353): CodeIgniter\CodeIgniter->handleRequest(null, Object(Config\Cache), false)
 9 FCPATH\index.php(79): CodeIgniter\CodeIgniter->run()
10 SYSTEMPATH\Commands\Server\rewrite.php(47): require_once('C:\\Users\\PC-7\\Desktop\\playground1\\public\\index.php')
CRITICAL - 2024-02-21 14:16:22 --> Attempt to read property "permainan" on array
in APPPATH\Views\pelanggan\add.php on line 69.
 1 APPPATH\Views\pelanggan\add.php(69): CodeIgniter\Debug\Exceptions->errorHandler(2, 'Attempt to read property "permainan" on array', 'C:\\Users\\PC-7\\Desktop\\playground1\\app\\Views\\pelanggan\\add.php', 69)
 2 SYSTEMPATH\View\View.php(226): include('C:\\Users\\PC-7\\Desktop\\playground1\\app\\Views\\pelanggan\\add.php')
 3 SYSTEMPATH\View\View.php(229): CodeIgniter\View\View->CodeIgniter\View\{closure}()
 4 SYSTEMPATH\Common.php(1188): CodeIgniter\View\View->render('/pelanggan/add', [], true)
 5 APPPATH\Controllers\pelanggan.php(29): view('/pelanggan/add', [...])
 6 SYSTEMPATH\CodeIgniter.php(919): App\Controllers\pelanggan->adduser()
 7 SYSTEMPATH\CodeIgniter.php(494): CodeIgniter\CodeIgniter->runController(Object(App\Controllers\pelanggan))
 8 SYSTEMPATH\CodeIgniter.php(353): CodeIgniter\CodeIgniter->handleRequest(null, Object(Config\Cache), false)
 9 FCPATH\index.php(79): CodeIgniter\CodeIgniter->run()
10 SYSTEMPATH\Commands\Server\rewrite.php(47): require_once('C:\\Users\\PC-7\\Desktop\\playground1\\public\\index.php')
CRITICAL - 2024-02-21 14:16:34 --> Attempt to read property "biaya" on array
in APPPATH\Views\pelanggan\add.php on line 80.
 1 APPPATH\Views\pelanggan\add.php(80): CodeIgniter\Debug\Exceptions->errorHandler(2, 'Attempt to read property "biaya" on array', 'C:\\Users\\PC-7\\Desktop\\playground1\\app\\Views\\pelanggan\\add.php', 80)
 2 SYSTEMPATH\View\View.php(226): include('C:\\Users\\PC-7\\Desktop\\playground1\\app\\Views\\pelanggan\\add.php')
 3 SYSTEMPATH\View\View.php(229): CodeIgniter\View\View->CodeIgniter\View\{closure}()
 4 SYSTEMPATH\Common.php(1188): CodeIgniter\View\View->render('/pelanggan/add', [], true)
 5 APPPATH\Controllers\pelanggan.php(29): view('/pelanggan/add', [...])
 6 SYSTEMPATH\CodeIgniter.php(919): App\Controllers\pelanggan->adduser()
 7 SYSTEMPATH\CodeIgniter.php(494): CodeIgniter\CodeIgniter->runController(Object(App\Controllers\pelanggan))
 8 SYSTEMPATH\CodeIgniter.php(353): CodeIgniter\CodeIgniter->handleRequest(null, Object(Config\Cache), false)
 9 FCPATH\index.php(79): CodeIgniter\CodeIgniter->run()
10 SYSTEMPATH\Commands\Server\rewrite.php(47): require_once('C:\\Users\\PC-7\\Desktop\\playground1\\public\\index.php')
CRITICAL - 2024-02-21 14:16:57 --> Attempt to read property "permainan" on array
in APPPATH\Views\pelanggan\add.php on line 69.
 1 APPPATH\Views\pelanggan\add.php(69): CodeIgniter\Debug\Exceptions->errorHandler(2, 'Attempt to read property "permainan" on array', 'C:\\Users\\PC-7\\Desktop\\playground1\\app\\Views\\pelanggan\\add.php', 69)
 2 SYSTEMPATH\View\View.php(226): include('C:\\Users\\PC-7\\Desktop\\playground1\\app\\Views\\pelanggan\\add.php')
 3 SYSTEMPATH\View\View.php(229): CodeIgniter\View\View->CodeIgniter\View\{closure}()
 4 SYSTEMPATH\Common.php(1188): CodeIgniter\View\View->render('/pelanggan/add', [], true)
 5 APPPATH\Controllers\pelanggan.php(29): view('/pelanggan/add', [...])
 6 SYSTEMPATH\CodeIgniter.php(919): App\Controllers\pelanggan->adduser()
 7 SYSTEMPATH\CodeIgniter.php(494): CodeIgniter\CodeIgniter->runController(Object(App\Controllers\pelanggan))
 8 SYSTEMPATH\CodeIgniter.php(353): CodeIgniter\CodeIgniter->handleRequest(null, Object(Config\Cache), false)
 9 FCPATH\index.php(79): CodeIgniter\CodeIgniter->run()
10 SYSTEMPATH\Commands\Server\rewrite.php(47): require_once('C:\\Users\\PC-7\\Desktop\\playground1\\public\\index.php')
CRITICAL - 2024-02-21 14:19:04 --> Attempt to read property "permainan" on array
in APPPATH\Views\pelanggan\add.php on line 69.
 1 APPPATH\Views\pelanggan\add.php(69): CodeIgniter\Debug\Exceptions->errorHandler(2, 'Attempt to read property "permainan" on array', 'C:\\Users\\PC-7\\Desktop\\playground1\\app\\Views\\pelanggan\\add.php', 69)
 2 SYSTEMPATH\View\View.php(226): include('C:\\Users\\PC-7\\Desktop\\playground1\\app\\Views\\pelanggan\\add.php')
 3 SYSTEMPATH\View\View.php(229): CodeIgniter\View\View->CodeIgniter\View\{closure}()
 4 SYSTEMPATH\Common.php(1188): CodeIgniter\View\View->render('/pelanggan/add', [], true)
 5 APPPATH\Controllers\pelanggan.php(29): view('/pelanggan/add', [...])
 6 SYSTEMPATH\CodeIgniter.php(919): App\Controllers\pelanggan->adduser()
 7 SYSTEMPATH\CodeIgniter.php(494): CodeIgniter\CodeIgniter->runController(Object(App\Controllers\pelanggan))
 8 SYSTEMPATH\CodeIgniter.php(353): CodeIgniter\CodeIgniter->handleRequest(null, Object(Config\Cache), false)
 9 FCPATH\index.php(79): CodeIgniter\CodeIgniter->run()
10 SYSTEMPATH\Commands\Server\rewrite.php(47): require_once('C:\\Users\\PC-7\\Desktop\\playground1\\public\\index.php')
CRITICAL - 2024-02-21 14:19:47 --> Attempt to read property "permainan" on array
in APPPATH\Views\pelanggan\add.php on line 69.
 1 APPPATH\Views\pelanggan\add.php(69): CodeIgniter\Debug\Exceptions->errorHandler(2, 'Attempt to read property "permainan" on array', 'C:\\Users\\PC-7\\Desktop\\playground1\\app\\Views\\pelanggan\\add.php', 69)
 2 SYSTEMPATH\View\View.php(226): include('C:\\Users\\PC-7\\Desktop\\playground1\\app\\Views\\pelanggan\\add.php')
 3 SYSTEMPATH\View\View.php(229): CodeIgniter\View\View->CodeIgniter\View\{closure}()
 4 SYSTEMPATH\Common.php(1188): CodeIgniter\View\View->render('/pelanggan/add', [], true)
 5 APPPATH\Controllers\pelanggan.php(29): view('/pelanggan/add', [...])
 6 SYSTEMPATH\CodeIgniter.php(919): App\Controllers\pelanggan->adduser()
 7 SYSTEMPATH\CodeIgniter.php(494): CodeIgniter\CodeIgniter->runController(Object(App\Controllers\pelanggan))
 8 SYSTEMPATH\CodeIgniter.php(353): CodeIgniter\CodeIgniter->handleRequest(null, Object(Config\Cache), false)
 9 FCPATH\index.php(79): CodeIgniter\CodeIgniter->run()
10 SYSTEMPATH\Commands\Server\rewrite.php(47): require_once('C:\\Users\\PC-7\\Desktop\\playground1\\public\\index.php')
CRITICAL - 2024-02-21 14:23:04 --> Attempt to read property "biaya" on array
in APPPATH\Views\pelanggan\add.php on line 84.
 1 APPPATH\Views\pelanggan\add.php(84): CodeIgniter\Debug\Exceptions->errorHandler(2, 'Attempt to read property "biaya" on array', 'C:\\Users\\PC-7\\Desktop\\playground1\\app\\Views\\pelanggan\\add.php', 84)
 2 SYSTEMPATH\View\View.php(226): include('C:\\Users\\PC-7\\Desktop\\playground1\\app\\Views\\pelanggan\\add.php')
 3 SYSTEMPATH\View\View.php(229): CodeIgniter\View\View->CodeIgniter\View\{closure}()
 4 SYSTEMPATH\Common.php(1188): CodeIgniter\View\View->render('/pelanggan/add', [], true)
 5 APPPATH\Controllers\pelanggan.php(27): view('/pelanggan/add', [...])
 6 SYSTEMPATH\CodeIgniter.php(919): App\Controllers\pelanggan->adduser()
 7 SYSTEMPATH\CodeIgniter.php(494): CodeIgniter\CodeIgniter->runController(Object(App\Controllers\pelanggan))
 8 SYSTEMPATH\CodeIgniter.php(353): CodeIgniter\CodeIgniter->handleRequest(null, Object(Config\Cache), false)
 9 FCPATH\index.php(79): CodeIgniter\CodeIgniter->run()
10 SYSTEMPATH\Commands\Server\rewrite.php(47): require_once('C:\\Users\\PC-7\\Desktop\\playground1\\public\\index.php')
CRITICAL - 2024-02-21 14:23:41 --> Undefined property: stdClass::$durasi
in APPPATH\Views\playground\biling.php on line 55.
 1 APPPATH\Views\playground\biling.php(55): CodeIgniter\Debug\Exceptions->errorHandler(2, 'Undefined property: stdClass::$durasi', 'C:\\Users\\PC-7\\Desktop\\playground1\\app\\Views\\playground\\biling.php', 55)
 2 SYSTEMPATH\View\View.php(226): include('C:\\Users\\PC-7\\Desktop\\playground1\\app\\Views\\playground\\biling.php')
 3 SYSTEMPATH\View\View.php(229): CodeIgniter\View\View->CodeIgniter\View\{closure}()
 4 SYSTEMPATH\Common.php(1188): CodeIgniter\View\View->render('/playground/biling', [], true)
 5 APPPATH\Controllers\playground.php(17): view('/playground/biling', [...])
 6 SYSTEMPATH\CodeIgniter.php(919): App\Controllers\playground->index()
 7 SYSTEMPATH\CodeIgniter.php(494): CodeIgniter\CodeIgniter->runController(Object(App\Controllers\playground))
 8 SYSTEMPATH\CodeIgniter.php(353): CodeIgniter\CodeIgniter->handleRequest(null, Object(Config\Cache), false)
 9 FCPATH\index.php(79): CodeIgniter\CodeIgniter->run()
10 SYSTEMPATH\Commands\Server\rewrite.php(47): require_once('C:\\Users\\PC-7\\Desktop\\playground1\\public\\index.php')
