CRITICAL - 2024-02-19 06:30:17 --> Undefined property: stdClass::$nama_level
in APPPATH\Views\user\view.php on line 54.
 1 APPPATH\Views\user\view.php(54): CodeIgniter\Debug\Exceptions->errorHandler(2, 'Undefined property: stdClass::$nama_level', 'C:\\Users\\PC-7\\Desktop\\playground1\\app\\Views\\user\\view.php', 54)
 2 SYSTEMPATH\View\View.php(226): include('C:\\Users\\PC-7\\Desktop\\playground1\\app\\Views\\user\\view.php')
 3 SYSTEMPATH\View\View.php(229): CodeIgniter\View\View->CodeIgniter\View\{closure}()
 4 SYSTEMPATH\Common.php(1188): CodeIgniter\View\View->render('/user/view', [], true)
 5 APPPATH\Controllers\user.php(17): view('/user/view', [...])
 6 SYSTEMPATH\CodeIgniter.php(919): App\Controllers\user->index()
 7 SYSTEMPATH\CodeIgniter.php(494): CodeIgniter\CodeIgniter->runController(Object(App\Controllers\user))
 8 SYSTEMPATH\CodeIgniter.php(353): CodeIgniter\CodeIgniter->handleRequest(null, Object(Config\Cache), false)
 9 FCPATH\index.php(79): CodeIgniter\CodeIgniter->run()
10 SYSTEMPATH\Commands\Server\rewrite.php(47): require_once('C:\\Users\\PC-7\\Desktop\\playground1\\public\\index.php')
ERROR - 2024-02-19 06:30:53 --> mysqli_sql_exception: Unknown column 'user.level' in 'on clause' in C:\Users\PC-7\Desktop\playground1\system\Database\MySQLi\Connection.php:306
Stack trace:
#0 C:\Users\PC-7\Desktop\playground1\system\Database\MySQLi\Connection.php(306): mysqli->query('SELECT *\nFROM `...', 0)
#1 C:\Users\PC-7\Desktop\playground1\system\Database\BaseConnection.php(692): CodeIgniter\Database\MySQLi\Connection->execute('SELECT *\nFROM `...')
#2 C:\Users\PC-7\Desktop\playground1\system\Database\BaseConnection.php(606): CodeIgniter\Database\BaseConnection->simpleQuery('SELECT *\nFROM `...')
#3 C:\Users\PC-7\Desktop\playground1\system\Database\BaseBuilder.php(1615): CodeIgniter\Database\BaseConnection->query('SELECT *\nFROM `...', Array, false)
#4 C:\Users\PC-7\Desktop\playground1\app\Models\M_Model.php(114): CodeIgniter\Database\BaseBuilder->get()
#5 C:\Users\PC-7\Desktop\playground1\app\Controllers\user.php(14): App\Models\M_model->join2('user', 'level', 'user.level=leve...')
#6 C:\Users\PC-7\Desktop\playground1\system\CodeIgniter.php(919): App\Controllers\user->index()
#7 C:\Users\PC-7\Desktop\playground1\system\CodeIgniter.php(494): CodeIgniter\CodeIgniter->runController(Object(App\Controllers\user))
#8 C:\Users\PC-7\Desktop\playground1\system\CodeIgniter.php(353): CodeIgniter\CodeIgniter->handleRequest(NULL, Object(Config\Cache), false)
#9 C:\Users\PC-7\Desktop\playground1\public\index.php(79): CodeIgniter\CodeIgniter->run()
#10 C:\Users\PC-7\Desktop\playground1\system\Commands\Server\rewrite.php(47): require_once('C:\\Users\\PC-7\\D...')
#11 {main}
CRITICAL - 2024-02-19 06:30:53 --> Call to a member function getResult() on bool
in APPPATH\Models\M_Model.php on line 114.
 1 APPPATH\Controllers\user.php(14): App\Models\M_model->join2('user', 'level', 'user.level=level.id_level')
 2 SYSTEMPATH\CodeIgniter.php(919): App\Controllers\user->index()
 3 SYSTEMPATH\CodeIgniter.php(494): CodeIgniter\CodeIgniter->runController(Object(App\Controllers\user))
 4 SYSTEMPATH\CodeIgniter.php(353): CodeIgniter\CodeIgniter->handleRequest(null, Object(Config\Cache), false)
 5 FCPATH\index.php(79): CodeIgniter\CodeIgniter->run()
 6 SYSTEMPATH\Commands\Server\rewrite.php(47): require_once('C:\\Users\\PC-7\\Desktop\\playground1\\public\\index.php')
